<?xml version="1.0" encoding="UTF-8"?>
<testsuites name="Regression Test" time="142.187" tests="6" failures="2" errors="0">
   <testsuite name="Regression Test" tests="6" failures="2" errors="0" time="142.187" skipped="0" timestamp="2023-08-14 10:50:51" hostname="NextSix - LAPTOP-1RKM9NHJ" id="Test Suites/Regression Test">
      <properties>
         <property name="deviceName" value=""/>
         <property name="devicePlatform" value=""/>
         <property name="logFolder" value="C:\\Users\\user\\git\\agentportal\\Reports\\20230814_105048\\Regression Test\\20230814_105048"/>
         <property name="logFiles" value="C:\\Users\\user\\git\\agentportal\\Reports\\20230814_105048\\Regression Test\\20230814_105048\\execution0.log"/>
         <property name="attachments" value="C:\\Users\\user\\git\\agentportal\\Reports\\20230814_105048\\Regression Test\\20230814_105048\\1691981506238.png, C:\\Users\\user\\git\\agentportal\\Reports\\20230814_105048\\Regression Test\\20230814_105048\\1691981559993.png"/>
         <property name="hostName" value="NextSix - LAPTOP-1RKM9NHJ"/>
         <property name="os" value="Windows 10 64bit"/>
         <property name="katalonVersion" value="8.6.5.208"/>
         <property name="browser" value="Chrome 115.0.0.0"/>
         <property name="hostAddress" value="192.168.3.115"/>
         <property name="sessionId" value="7be258cc4b373de8eb5887b4b007b41b"/>
         <property name="seleniumVersion" value="3.141.59"/>
         <property name="proxyInformation" value="ProxyInformation { proxyOption=NO_PROXY, proxyServerType=HTTP, username=, password=********, proxyServerAddress=, proxyServerPort=0, executionList=&quot;&quot;, isApplyToDesiredCapabilities=true }"/>
         <property name="platform" value="Windows 10"/>
      </properties>
      <testcase name="Test Cases/Login Module/Public Agent/Login" time="9.95" classname="Test Cases/Login Module/Public Agent/Login" status="PASSED">
         <system-out><![CDATA[2023-08-14 10:50:51 - [TEST_CASE][PASSED] - Test Cases/Login Module/Public Agent/Login: Test Cases/Login Module/Public Agent/Login

2023-08-14 10:50:52 - [TEST_STEP][PASSED] - openBrowser(""): Browser is opened with url: ''

2023-08-14 10:50:52 - [MESSAGE][INFO] - Starting 'Chrome' driver

2023-08-14 10:50:52 - [MESSAGE][INFO] - User set preference: ['args', '[--start-maximized]']

2023-08-14 10:50:52 - [MESSAGE][INFO] - Action delay is set to 0 milliseconds

2023-08-14 10:50:54 - [MESSAGE][PASSED] - Browser is opened with url: ''

2023-08-14 10:50:54 - [TEST_STEP][PASSED] - navigateToUrl("https://sit-agent-v2.nextsix.com/"): Navigate to 'https://sit-agent-v2.nextsix.com/' successfully

2023-08-14 10:50:55 - [MESSAGE][PASSED] - Navigate to 'https://sit-agent-v2.nextsix.com/' successfully

2023-08-14 10:50:55 - [TEST_STEP][PASSED] - setText(findTestObject("Object Repository/Login/Page_The Next Six Agent (SIT)/input_User Name  Email Address_username"), "ziqhru@gmail.com"): Text 'ziqhru@gmail.com' is set on object 'Object Repository/Login/Page_The Next Six Agent (SIT)/input_User Name  Email Address_username'

2023-08-14 10:50:56 - [MESSAGE][PASSED] - Text 'ziqhru@gmail.com' is set on object 'Object Repository/Login/Page_The Next Six Agent (SIT)/input_User Name  Email Address_username'

2023-08-14 10:50:56 - [TEST_STEP][PASSED] - setEncryptedText(findTestObject("Object Repository/Login/Page_The Next Six Agent (SIT)/input_Password_password"), "tzH6RvlfSTg="): Text ****** has been set on object 'Object Repository/Login/Page_The Next Six Agent (SIT)/input_Password_password'

2023-08-14 10:50:56 - [MESSAGE][PASSED] - Text ****** has been set on object 'Object Repository/Login/Page_The Next Six Agent (SIT)/input_Password_password'

2023-08-14 10:50:56 - [TEST_STEP][PASSED] - click(findTestObject("Object Repository/Login/Page_The Next Six Agent (SIT)/Page_The Next Six Agent (SIT)/span_Sign In")): Object: 'Object Repository/Login/Page_The Next Six Agent (SIT)/Page_The Next Six Agent (SIT)/span_Sign In' is clicked on

2023-08-14 10:50:57 - [MESSAGE][PASSED] - Object: 'Object Repository/Login/Page_The Next Six Agent (SIT)/Page_The Next Six Agent (SIT)/span_Sign In' is clicked on

2023-08-14 10:50:57 - [TEST_STEP][PASSED] - verifyElementText(findTestObject("Object Repository/Login/Page_The Next Six Agent (SIT)/Page_The Next Six Agent (SIT)/div_Invalid usernamepassword. Please try again"), "Invalid username/password. Please try again"): Actual text and expected text of test object 'Object Repository/Login/Page_The Next Six Agent (SIT)/Page_The Next Six Agent (SIT)/div_Invalid usernamepassword. Please try again' are matched.

2023-08-14 10:50:57 - [MESSAGE][PASSED] - Actual text and expected text of test object 'Object Repository/Login/Page_The Next Six Agent (SIT)/Page_The Next Six Agent (SIT)/div_Invalid usernamepassword. Please try again' are matched.

2023-08-14 10:50:57 - [TEST_STEP][PASSED] - sendKeys(findTestObject("Object Repository/Login/Page_The Next Six Agent (SIT)/input_Password_password"), Keys.chord(CONTROL, "a")): Keys 'CONTROL + a' sent to object: 'Object Repository/Login/Page_The Next Six Agent (SIT)/input_Password_password'

2023-08-14 10:50:58 - [MESSAGE][PASSED] - Keys 'CONTROL + a' sent to object: 'Object Repository/Login/Page_The Next Six Agent (SIT)/input_Password_password'

2023-08-14 10:50:58 - [TEST_STEP][PASSED] - sendKeys(findTestObject("Object Repository/Login/Page_The Next Six Agent (SIT)/input_Password_password"), Keys.chord(DELETE)): Keys 'DELETE + ' sent to object: 'Object Repository/Login/Page_The Next Six Agent (SIT)/input_Password_password'

2023-08-14 10:50:58 - [MESSAGE][PASSED] - Keys 'DELETE + ' sent to object: 'Object Repository/Login/Page_The Next Six Agent (SIT)/input_Password_password'

2023-08-14 10:50:58 - [TEST_STEP][PASSED] - setEncryptedText(findTestObject("Object Repository/Login/Page_The Next Six Agent (SIT)/input_Password_password"), "HeCM15nHKBI="): Text ****** has been set on object 'Object Repository/Login/Page_The Next Six Agent (SIT)/input_Password_password'

2023-08-14 10:50:59 - [MESSAGE][PASSED] - Text ****** has been set on object 'Object Repository/Login/Page_The Next Six Agent (SIT)/input_Password_password'

2023-08-14 10:50:59 - [TEST_STEP][PASSED] - click(findTestObject("Object Repository/Login/Page_The Next Six Agent (SIT)/Page_The Next Six Agent (SIT)/span_Sign In")): Object: 'Object Repository/Login/Page_The Next Six Agent (SIT)/Page_The Next Six Agent (SIT)/span_Sign In' is clicked on

2023-08-14 10:50:59 - [MESSAGE][PASSED] - Object: 'Object Repository/Login/Page_The Next Six Agent (SIT)/Page_The Next Six Agent (SIT)/span_Sign In' is clicked on

2023-08-14 10:50:59 - [TEST_STEP][PASSED] - verifyElementText(findTestObject("Object Repository/Login/Page_The Next Six Agent (SIT)/Page_The Next Six Agent (SIT)/p_ziqhrugmail.com"), "ziqhru@gmail.com"): Actual text and expected text of test object 'Object Repository/Login/Page_The Next Six Agent (SIT)/Page_The Next Six Agent (SIT)/p_ziqhrugmail.com' are matched.

2023-08-14 10:51:00 - [MESSAGE][PASSED] - Actual text and expected text of test object 'Object Repository/Login/Page_The Next Six Agent (SIT)/Page_The Next Six Agent (SIT)/p_ziqhrugmail.com' are matched.

2023-08-14 10:51:00 - [TEST_STEP][PASSED] - verifyElementPresent(findTestObject("Object Repository/Login/Page_The Next Six Agent (SIT)/Page_The Next Six Agent (SIT)/img_Copyright  2020-2023. The Next Six Sdn._2664f6"), 0): Object 'Object Repository/Login/Page_The Next Six Agent (SIT)/Page_The Next Six Agent (SIT)/img_Copyright  2020-2023. The Next Six Sdn._2664f6' is present

2023-08-14 10:51:00 - [MESSAGE][WARNING] - Timeout '0' is invalid. Using default page load timeout: '30'

2023-08-14 10:51:00 - [MESSAGE][PASSED] - Object 'Object Repository/Login/Page_The Next Six Agent (SIT)/Page_The Next Six Agent (SIT)/img_Copyright  2020-2023. The Next Six Sdn._2664f6' is present

2023-08-14 10:51:00 - [TEST_STEP][PASSED] - click(findTestObject("Object Repository/Login/Page_The Next Six Agent (SIT)/Page_The Next Six Agent (SIT)/span_Logout")): Object: 'Object Repository/Login/Page_The Next Six Agent (SIT)/Page_The Next Six Agent (SIT)/span_Logout' is clicked on

2023-08-14 10:51:01 - [MESSAGE][PASSED] - Object: 'Object Repository/Login/Page_The Next Six Agent (SIT)/Page_The Next Six Agent (SIT)/span_Logout' is clicked on

2023-08-14 10:51:01 - [TEST_STEP][PASSED] - verifyElementText(findTestObject("Object Repository/Login/Page_The Next Six Agent (SIT)/Page_The Next Six Agent (SIT)/span_Sign In"), "Sign In"): Actual text and expected text of test object 'Object Repository/Login/Page_The Next Six Agent (SIT)/Page_The Next Six Agent (SIT)/span_Sign In' are matched.

2023-08-14 10:51:01 - [MESSAGE][PASSED] - Actual text and expected text of test object 'Object Repository/Login/Page_The Next Six Agent (SIT)/Page_The Next Six Agent (SIT)/span_Sign In' are matched.]]></system-out>
         <system-err><![CDATA[]]></system-err>
      </testcase>
      <testcase name="Test Cases/Login Module/Public Agent/Forgot password - Public Agent" time="44.896" classname="Test Cases/Login Module/Public Agent/Forgot password - Public Agent" status="FAILED">
         <failure type="FAILED" message="Test Cases/Login Module/Public Agent/Forgot password - Public Agent FAILED.
Reason:
com.kms.katalon.core.exception.StepFailedException: Unable to click on object 'Object Repository/Forgot Password/Page_The Next Six Agent (SIT)/button_no'
	at com.kms.katalon.core.webui.keyword.internal.WebUIKeywordMain.stepFailed(WebUIKeywordMain.groovy:64)
	at com.kms.katalon.core.webui.keyword.internal.WebUIKeywordMain.runKeyword(WebUIKeywordMain.groovy:26)
	at com.kms.katalon.core.webui.keyword.builtin.ClickKeyword.click(ClickKeyword.groovy:74)
	at com.kms.katalon.core.webui.keyword.builtin.ClickKeyword.execute(ClickKeyword.groovy:40)
	at com.kms.katalon.core.keyword.internal.KeywordExecutor.executeKeywordForPlatform(KeywordExecutor.groovy:74)
	at com.kms.katalon.core.webui.keyword.WebUiBuiltInKeywords.click(WebUiBuiltInKeywords.groovy:620)
	at com.kms.katalon.core.webui.keyword.WebUiBuiltInKeywords$click$3.call(Unknown Source)
	at Forgot password - Public Agent.run(Forgot password - Public Agent:37)
	at com.kms.katalon.core.main.ScriptEngine.run(ScriptEngine.java:194)
	at com.kms.katalon.core.main.ScriptEngine.runScriptAsRawText(ScriptEngine.java:119)
	at com.kms.katalon.core.main.TestCaseExecutor.runScript(TestCaseExecutor.java:448)
	at com.kms.katalon.core.main.TestCaseExecutor.doExecute(TestCaseExecutor.java:439)
	at com.kms.katalon.core.main.TestCaseExecutor.processExecutionPhase(TestCaseExecutor.java:418)
	at com.kms.katalon.core.main.TestCaseExecutor.accessMainPhase(TestCaseExecutor.java:410)
	at com.kms.katalon.core.main.TestCaseExecutor.execute(TestCaseExecutor.java:285)
	at com.kms.katalon.core.common.CommonExecutor.accessTestCaseMainPhase(CommonExecutor.java:65)
	at com.kms.katalon.core.main.TestSuiteExecutor.accessTestSuiteMainPhase(TestSuiteExecutor.java:148)
	at com.kms.katalon.core.main.TestSuiteExecutor.execute(TestSuiteExecutor.java:106)
	at com.kms.katalon.core.main.TestCaseMain.startTestSuite(TestCaseMain.java:187)
	at com.kms.katalon.core.main.TestCaseMain$startTestSuite$0.call(Unknown Source)
	at TempTestSuite1691981448273.run(TempTestSuite1691981448273.groovy:36)
Caused by: com.kms.katalon.core.webui.exception.WebElementNotFoundException: Web element with id: 'Object Repository/Forgot Password/Page_The Next Six Agent (SIT)/button_no' located by '//*[@id=&quot;idBtn_Back&quot;]' not found
	at com.kms.katalon.core.webui.common.WebUiCommonHelper.findWebElement(WebUiCommonHelper.java:1381)
	at com.kms.katalon.core.webui.keyword.internal.WebUIAbstractKeyword.findWebElement(WebUIAbstractKeyword.groovy:27)
	at com.kms.katalon.core.webui.keyword.builtin.ClickKeyword$_click_closure1.doCall(ClickKeyword.groovy:65)
	at com.kms.katalon.core.webui.keyword.builtin.ClickKeyword$_click_closure1.call(ClickKeyword.groovy)
	at com.kms.katalon.core.webui.keyword.internal.WebUIKeywordMain.runKeyword(WebUIKeywordMain.groovy:20)
	... 19 more
"/>
         <system-out><![CDATA[2023-08-14 10:51:01 - [TEST_CASE][FAILED] - Test Cases/Login Module/Public Agent/Forgot password - Public Agent: Test Cases/Login Module/Public Agent/Forgot password - Public Agent FAILED.
Reason:
com.kms.katalon.core.exception.StepFailedException: Unable to click on object 'Object Repository/Forgot Password/Page_The Next Six Agent (SIT)/button_no'
	at com.kms.katalon.core.webui.keyword.internal.WebUIKeywordMain.stepFailed(WebUIKeywordMain.groovy:64)
	at com.kms.katalon.core.webui.keyword.internal.WebUIKeywordMain.runKeyword(WebUIKeywordMain.groovy:26)
	at com.kms.katalon.core.webui.keyword.builtin.ClickKeyword.click(ClickKeyword.groovy:74)
	at com.kms.katalon.core.webui.keyword.builtin.ClickKeyword.execute(ClickKeyword.groovy:40)
	at com.kms.katalon.core.keyword.internal.KeywordExecutor.executeKeywordForPlatform(KeywordExecutor.groovy:74)
	at com.kms.katalon.core.webui.keyword.WebUiBuiltInKeywords.click(WebUiBuiltInKeywords.groovy:620)
	at com.kms.katalon.core.webui.keyword.WebUiBuiltInKeywords$click$3.call(Unknown Source)
	at Forgot password - Public Agent.run(Forgot password - Public Agent:37)
	at com.kms.katalon.core.main.ScriptEngine.run(ScriptEngine.java:194)
	at com.kms.katalon.core.main.ScriptEngine.runScriptAsRawText(ScriptEngine.java:119)
	at com.kms.katalon.core.main.TestCaseExecutor.runScript(TestCaseExecutor.java:448)
	at com.kms.katalon.core.main.TestCaseExecutor.doExecute(TestCaseExecutor.java:439)
	at com.kms.katalon.core.main.TestCaseExecutor.processExecutionPhase(TestCaseExecutor.java:418)
	at com.kms.katalon.core.main.TestCaseExecutor.accessMainPhase(TestCaseExecutor.java:410)
	at com.kms.katalon.core.main.TestCaseExecutor.execute(TestCaseExecutor.java:285)
	at com.kms.katalon.core.common.CommonExecutor.accessTestCaseMainPhase(CommonExecutor.java:65)
	at com.kms.katalon.core.main.TestSuiteExecutor.accessTestSuiteMainPhase(TestSuiteExecutor.java:148)
	at com.kms.katalon.core.main.TestSuiteExecutor.execute(TestSuiteExecutor.java:106)
	at com.kms.katalon.core.main.TestCaseMain.startTestSuite(TestCaseMain.java:187)
	at com.kms.katalon.core.main.TestCaseMain$startTestSuite$0.call(Unknown Source)
	at TempTestSuite1691981448273.run(TempTestSuite1691981448273.groovy:36)
Caused by: com.kms.katalon.core.webui.exception.WebElementNotFoundException: Web element with id: 'Object Repository/Forgot Password/Page_The Next Six Agent (SIT)/button_no' located by '//*[@id="idBtn_Back"]' not found
	at com.kms.katalon.core.webui.common.WebUiCommonHelper.findWebElement(WebUiCommonHelper.java:1381)
	at com.kms.katalon.core.webui.keyword.internal.WebUIAbstractKeyword.findWebElement(WebUIAbstractKeyword.groovy:27)
	at com.kms.katalon.core.webui.keyword.builtin.ClickKeyword$_click_closure1.doCall(ClickKeyword.groovy:65)
	at com.kms.katalon.core.webui.keyword.builtin.ClickKeyword$_click_closure1.call(ClickKeyword.groovy)
	at com.kms.katalon.core.webui.keyword.internal.WebUIKeywordMain.runKeyword(WebUIKeywordMain.groovy:20)
	... 19 more


2023-08-14 10:51:01 - [TEST_STEP][PASSED] - openBrowser(""): Browser is opened with url: ''

2023-08-14 10:51:01 - [MESSAGE][WARNING] - A browser is already opened. Closing browser and opening a new one

2023-08-14 10:51:02 - [MESSAGE][INFO] - Starting 'Chrome' driver

2023-08-14 10:51:02 - [MESSAGE][INFO] - User set preference: ['args', '[--start-maximized]']

2023-08-14 10:51:02 - [MESSAGE][INFO] - Action delay is set to 0 milliseconds

2023-08-14 10:51:03 - [MESSAGE][PASSED] - Browser is opened with url: ''

2023-08-14 10:51:03 - [TEST_STEP][PASSED] - navigateToUrl("https://sit-agent-v2.nextsix.com/"): Navigate to 'https://sit-agent-v2.nextsix.com/' successfully

2023-08-14 10:51:04 - [MESSAGE][PASSED] - Navigate to 'https://sit-agent-v2.nextsix.com/' successfully

2023-08-14 10:51:04 - [TEST_STEP][PASSED] - click(findTestObject("Object Repository/Forgot Password/Page_The Next Six Agent (SIT)/Page_The Next Six Agent (SIT)/button_forgot password")): Object: 'Object Repository/Forgot Password/Page_The Next Six Agent (SIT)/Page_The Next Six Agent (SIT)/button_forgot password' is clicked on

2023-08-14 10:51:05 - [MESSAGE][PASSED] - Object: 'Object Repository/Forgot Password/Page_The Next Six Agent (SIT)/Page_The Next Six Agent (SIT)/button_forgot password' is clicked on

2023-08-14 10:51:05 - [TEST_STEP][PASSED] - setText(findTestObject("Object Repository/Forgot Password/Page_The Next Six Agent (SIT)/Page_The Next Six Agent (SIT)/input_User Name_username"), "testernext61@outlook.com"): Text 'testernext61@outlook.com' is set on object 'Object Repository/Forgot Password/Page_The Next Six Agent (SIT)/Page_The Next Six Agent (SIT)/input_User Name_username'

2023-08-14 10:51:06 - [MESSAGE][PASSED] - Text 'testernext61@outlook.com' is set on object 'Object Repository/Forgot Password/Page_The Next Six Agent (SIT)/Page_The Next Six Agent (SIT)/input_User Name_username'

2023-08-14 10:51:06 - [TEST_STEP][PASSED] - click(findTestObject("Object Repository/Forgot Password/Page_The Next Six Agent (SIT)/Page_The Next Six Agent (SIT)/submit")): Object: 'Object Repository/Forgot Password/Page_The Next Six Agent (SIT)/Page_The Next Six Agent (SIT)/submit' is clicked on

2023-08-14 10:51:06 - [MESSAGE][PASSED] - Object: 'Object Repository/Forgot Password/Page_The Next Six Agent (SIT)/Page_The Next Six Agent (SIT)/submit' is clicked on

2023-08-14 10:51:06 - [TEST_STEP][PASSED] - verifyElementText(findTestObject("Object Repository/Forgot Password/Page_The Next Six Agent (SIT)/Page_The Next Six Agent (SIT)/successtext"), "Password reset request was sent successfully. Please check your email to reset your password."): Actual text and expected text of test object 'Object Repository/Forgot Password/Page_The Next Six Agent (SIT)/Page_The Next Six Agent (SIT)/successtext' are matched.

2023-08-14 10:51:07 - [MESSAGE][PASSED] - Actual text and expected text of test object 'Object Repository/Forgot Password/Page_The Next Six Agent (SIT)/Page_The Next Six Agent (SIT)/successtext' are matched.

2023-08-14 10:51:07 - [TEST_STEP][PASSED] - sendKeys(findTestObject("Object Repository/Forgot Password/Page_The Next Six Agent (SIT)/Page_The Next Six Agent (SIT)/input_User Name_username"), Keys.chord(CONTROL, "a")): Keys 'CONTROL + a' sent to object: 'Object Repository/Forgot Password/Page_The Next Six Agent (SIT)/Page_The Next Six Agent (SIT)/input_User Name_username'

2023-08-14 10:51:07 - [MESSAGE][PASSED] - Keys 'CONTROL + a' sent to object: 'Object Repository/Forgot Password/Page_The Next Six Agent (SIT)/Page_The Next Six Agent (SIT)/input_User Name_username'

2023-08-14 10:51:07 - [TEST_STEP][PASSED] - sendKeys(findTestObject("Object Repository/Forgot Password/Page_The Next Six Agent (SIT)/Page_The Next Six Agent (SIT)/input_User Name_username"), Keys.chord(DELETE)): Keys 'DELETE + ' sent to object: 'Object Repository/Forgot Password/Page_The Next Six Agent (SIT)/Page_The Next Six Agent (SIT)/input_User Name_username'

2023-08-14 10:51:07 - [MESSAGE][PASSED] - Keys 'DELETE + ' sent to object: 'Object Repository/Forgot Password/Page_The Next Six Agent (SIT)/Page_The Next Six Agent (SIT)/input_User Name_username'

2023-08-14 10:51:07 - [TEST_STEP][PASSED] - navigateToUrl("https://login.live.com/login.srf?wa=wsignin1.0&rpsnv=15&ct=1690958366&rver=7.0.6737.0&wp=MBI_SSL&wreply=https%3a%2f%2foutlook.live.com%2fowa%2f%3fcobrandid%3dab0455a0-8d03-46b9-b18b-df2f57b9e44c%26nlp%3d1%26deeplink%3dowa%252f%26RpsCsrfState%3d47550ee8-a8a1-75fe-368f-063c1837e2dd&id=292841&aadredir=1&CBCXT=out&lw=1&fl=dob%2cflname%2cwld&cobrandid=ab0455a0-8d03-46b9-b18b-df2f57b9e44c"): Navigate to 'https://login.live.com/login.srf?wa=wsignin1.0&rpsnv=15&ct=1690958366&rver=7.0.6737.0&wp=MBI_SSL&wreply=https%3a%2f%2foutlook.live.com%2fowa%2f%3fcobrandid%3dab0455a0-8d03-46b9-b18b-df2f57b9e44c%26nlp%3d1%26deeplink%3dowa%252f%26RpsCsrfState%3d47550ee8-a8a1-75fe-368f-063c1837e2dd&id=292841&aadredir=1&CBCXT=out&lw=1&fl=dob%2cflname%2cwld&cobrandid=ab0455a0-8d03-46b9-b18b-df2f57b9e44c' successfully

2023-08-14 10:51:08 - [MESSAGE][PASSED] - Navigate to 'https://login.live.com/login.srf?wa=wsignin1.0&rpsnv=15&ct=1690958366&rver=7.0.6737.0&wp=MBI_SSL&wreply=https%3a%2f%2foutlook.live.com%2fowa%2f%3fcobrandid%3dab0455a0-8d03-46b9-b18b-df2f57b9e44c%26nlp%3d1%26deeplink%3dowa%252f%26RpsCsrfState%3d47550ee8-a8a1-75fe-368f-063c1837e2dd&id=292841&aadredir=1&CBCXT=out&lw=1&fl=dob%2cflname%2cwld&cobrandid=ab0455a0-8d03-46b9-b18b-df2f57b9e44c' successfully

2023-08-14 10:51:08 - [TEST_STEP][PASSED] - setText(findTestObject("Object Repository/Forgot Password/Page_The Next Six Agent (SIT)/outlooklogin"), "testernext61@outlook.com"): Text 'testernext61@outlook.com' is set on object 'Object Repository/Forgot Password/Page_The Next Six Agent (SIT)/outlooklogin'

2023-08-14 10:51:09 - [MESSAGE][PASSED] - Text 'testernext61@outlook.com' is set on object 'Object Repository/Forgot Password/Page_The Next Six Agent (SIT)/outlooklogin'

2023-08-14 10:51:09 - [TEST_STEP][PASSED] - click(findTestObject("Object Repository/Forgot Password/Page_The Next Six Agent (SIT)/nextbutton")): Object: 'Object Repository/Forgot Password/Page_The Next Six Agent (SIT)/nextbutton' is clicked on

2023-08-14 10:51:10 - [MESSAGE][PASSED] - Object: 'Object Repository/Forgot Password/Page_The Next Six Agent (SIT)/nextbutton' is clicked on

2023-08-14 10:51:10 - [TEST_STEP][PASSED] - setText(findTestObject("Object Repository/Forgot Password/Page_The Next Six Agent (SIT)/outlookpassword"), "Next65678"): Text 'Next65678' is set on object 'Object Repository/Forgot Password/Page_The Next Six Agent (SIT)/outlookpassword'

2023-08-14 10:51:11 - [MESSAGE][PASSED] - Text 'Next65678' is set on object 'Object Repository/Forgot Password/Page_The Next Six Agent (SIT)/outlookpassword'

2023-08-14 10:51:11 - [TEST_STEP][PASSED] - click(findTestObject("Object Repository/Forgot Password/Page_The Next Six Agent (SIT)/nextbutton")): Object: 'Object Repository/Forgot Password/Page_The Next Six Agent (SIT)/nextbutton' is clicked on

2023-08-14 10:51:13 - [MESSAGE][PASSED] - Object: 'Object Repository/Forgot Password/Page_The Next Six Agent (SIT)/nextbutton' is clicked on

2023-08-14 10:51:13 - [TEST_STEP][FAILED] - click(findTestObject("Object Repository/Forgot Password/Page_The Next Six Agent (SIT)/button_no")): Unable to click on object 'Object Repository/Forgot Password/Page_The Next Six Agent (SIT)/button_no' (Root cause: com.kms.katalon.core.exception.StepFailedException: Unable to click on object 'Object Repository/Forgot Password/Page_The Next Six Agent (SIT)/button_no'
	at com.kms.katalon.core.webui.keyword.internal.WebUIKeywordMain.stepFailed(WebUIKeywordMain.groovy:64)
	at com.kms.katalon.core.webui.keyword.internal.WebUIKeywordMain.runKeyword(WebUIKeywordMain.groovy:26)
	at com.kms.katalon.core.webui.keyword.builtin.ClickKeyword.click(ClickKeyword.groovy:74)
	at com.kms.katalon.core.webui.keyword.builtin.ClickKeyword.execute(ClickKeyword.groovy:40)
	at com.kms.katalon.core.keyword.internal.KeywordExecutor.executeKeywordForPlatform(KeywordExecutor.groovy:74)
	at com.kms.katalon.core.webui.keyword.WebUiBuiltInKeywords.click(WebUiBuiltInKeywords.groovy:620)
	at com.kms.katalon.core.webui.keyword.WebUiBuiltInKeywords$click$3.call(Unknown Source)
	at Forgot password - Public Agent.run(Forgot password - Public Agent:37)
	at com.kms.katalon.core.main.ScriptEngine.run(ScriptEngine.java:194)
	at com.kms.katalon.core.main.ScriptEngine.runScriptAsRawText(ScriptEngine.java:119)
	at com.kms.katalon.core.main.TestCaseExecutor.runScript(TestCaseExecutor.java:448)
	at com.kms.katalon.core.main.TestCaseExecutor.doExecute(TestCaseExecutor.java:439)
	at com.kms.katalon.core.main.TestCaseExecutor.processExecutionPhase(TestCaseExecutor.java:418)
	at com.kms.katalon.core.main.TestCaseExecutor.accessMainPhase(TestCaseExecutor.java:410)
	at com.kms.katalon.core.main.TestCaseExecutor.execute(TestCaseExecutor.java:285)
	at com.kms.katalon.core.common.CommonExecutor.accessTestCaseMainPhase(CommonExecutor.java:65)
	at com.kms.katalon.core.main.TestSuiteExecutor.accessTestSuiteMainPhase(TestSuiteExecutor.java:148)
	at com.kms.katalon.core.main.TestSuiteExecutor.execute(TestSuiteExecutor.java:106)
	at com.kms.katalon.core.main.TestCaseMain.startTestSuite(TestCaseMain.java:187)
	at com.kms.katalon.core.main.TestCaseMain$startTestSuite$0.call(Unknown Source)
	at TempTestSuite1691981448273.run(TempTestSuite1691981448273.groovy:36)
Caused by: com.kms.katalon.core.webui.exception.WebElementNotFoundException: Web element with id: 'Object Repository/Forgot Password/Page_The Next Six Agent (SIT)/button_no' located by '//*[@id="idBtn_Back"]' not found
	at com.kms.katalon.core.webui.common.WebUiCommonHelper.findWebElement(WebUiCommonHelper.java:1381)
	at com.kms.katalon.core.webui.keyword.internal.WebUIAbstractKeyword.findWebElement(WebUIAbstractKeyword.groovy:27)
	at com.kms.katalon.core.webui.keyword.builtin.ClickKeyword$_click_closure1.doCall(ClickKeyword.groovy:65)
	at com.kms.katalon.core.webui.keyword.builtin.ClickKeyword$_click_closure1.call(ClickKeyword.groovy)
	at com.kms.katalon.core.webui.keyword.internal.WebUIKeywordMain.runKeyword(WebUIKeywordMain.groovy:20)
	at com.kms.katalon.core.webui.keyword.builtin.ClickKeyword.click(ClickKeyword.groovy:74)
	at com.kms.katalon.core.webui.keyword.builtin.ClickKeyword.execute(ClickKeyword.groovy:40)
	at com.kms.katalon.core.keyword.internal.KeywordExecutor.executeKeywordForPlatform(KeywordExecutor.groovy:74)
	at com.kms.katalon.core.webui.keyword.WebUiBuiltInKeywords.click(WebUiBuiltInKeywords.groovy:620)
	at com.kms.katalon.core.webui.keyword.WebUiBuiltInKeywords$click$3.call(Unknown Source)
	at Script1690953912480.run(Script1690953912480.groovy:37)
	... 13 more
)

2023-08-14 10:51:46 - [MESSAGE][INFO] - Unable to find the element located by 'By.xpath: //*[@id="idBtn_Back"]'. Please recheck the objects properties to make sure the desired element is located. 

2023-08-14 10:51:46 - [MESSAGE][FAILED] - Unable to click on object 'Object Repository/Forgot Password/Page_The Next Six Agent (SIT)/button_no' (Root cause: com.kms.katalon.core.exception.StepFailedException: Unable to click on object 'Object Repository/Forgot Password/Page_The Next Six Agent (SIT)/button_no'
	at com.kms.katalon.core.webui.keyword.internal.WebUIKeywordMain.stepFailed(WebUIKeywordMain.groovy:64)
	at com.kms.katalon.core.webui.keyword.internal.WebUIKeywordMain.runKeyword(WebUIKeywordMain.groovy:26)
	at com.kms.katalon.core.webui.keyword.builtin.ClickKeyword.click(ClickKeyword.groovy:74)
	at com.kms.katalon.core.webui.keyword.builtin.ClickKeyword.execute(ClickKeyword.groovy:40)
	at com.kms.katalon.core.keyword.internal.KeywordExecutor.executeKeywordForPlatform(KeywordExecutor.groovy:74)
	at com.kms.katalon.core.webui.keyword.WebUiBuiltInKeywords.click(WebUiBuiltInKeywords.groovy:620)
	at com.kms.katalon.core.webui.keyword.WebUiBuiltInKeywords$click$3.call(Unknown Source)
	at Forgot password - Public Agent.run(Forgot password - Public Agent:37)
	at com.kms.katalon.core.main.ScriptEngine.run(ScriptEngine.java:194)
	at com.kms.katalon.core.main.ScriptEngine.runScriptAsRawText(ScriptEngine.java:119)
	at com.kms.katalon.core.main.TestCaseExecutor.runScript(TestCaseExecutor.java:448)
	at com.kms.katalon.core.main.TestCaseExecutor.doExecute(TestCaseExecutor.java:439)
	at com.kms.katalon.core.main.TestCaseExecutor.processExecutionPhase(TestCaseExecutor.java:418)
	at com.kms.katalon.core.main.TestCaseExecutor.accessMainPhase(TestCaseExecutor.java:410)
	at com.kms.katalon.core.main.TestCaseExecutor.execute(TestCaseExecutor.java:285)
	at com.kms.katalon.core.common.CommonExecutor.accessTestCaseMainPhase(CommonExecutor.java:65)
	at com.kms.katalon.core.main.TestSuiteExecutor.accessTestSuiteMainPhase(TestSuiteExecutor.java:148)
	at com.kms.katalon.core.main.TestSuiteExecutor.execute(TestSuiteExecutor.java:106)
	at com.kms.katalon.core.main.TestCaseMain.startTestSuite(TestCaseMain.java:187)
	at com.kms.katalon.core.main.TestCaseMain$startTestSuite$0.call(Unknown Source)
	at TempTestSuite1691981448273.run(TempTestSuite1691981448273.groovy:36)
Caused by: com.kms.katalon.core.webui.exception.WebElementNotFoundException: Web element with id: 'Object Repository/Forgot Password/Page_The Next Six Agent (SIT)/button_no' located by '//*[@id="idBtn_Back"]' not found
	at com.kms.katalon.core.webui.common.WebUiCommonHelper.findWebElement(WebUiCommonHelper.java:1381)
	at com.kms.katalon.core.webui.keyword.internal.WebUIAbstractKeyword.findWebElement(WebUIAbstractKeyword.groovy:27)
	at com.kms.katalon.core.webui.keyword.builtin.ClickKeyword$_click_closure1.doCall(ClickKeyword.groovy:65)
	at com.kms.katalon.core.webui.keyword.builtin.ClickKeyword$_click_closure1.call(ClickKeyword.groovy)
	at com.kms.katalon.core.webui.keyword.internal.WebUIKeywordMain.runKeyword(WebUIKeywordMain.groovy:20)
	at com.kms.katalon.core.webui.keyword.builtin.ClickKeyword.click(ClickKeyword.groovy:74)
	at com.kms.katalon.core.webui.keyword.builtin.ClickKeyword.execute(ClickKeyword.groovy:40)
	at com.kms.katalon.core.keyword.internal.KeywordExecutor.executeKeywordForPlatform(KeywordExecutor.groovy:74)
	at com.kms.katalon.core.webui.keyword.WebUiBuiltInKeywords.click(WebUiBuiltInKeywords.groovy:620)
	at com.kms.katalon.core.webui.keyword.WebUiBuiltInKeywords$click$3.call(Unknown Source)
	at Script1690953912480.run(Script1690953912480.groovy:37)
	... 13 more
)
[[ATTACHMENT|C:\\Users\\user\\git\\agentportal\\Reports\\20230814_105048\\Regression Test\\20230814_105048\\1691981506238.png]]]]></system-out>
         <system-err><![CDATA[2023-08-14 10:51:01 - [TEST_CASE][FAILED] - Test Cases/Login Module/Public Agent/Forgot password - Public Agent: Test Cases/Login Module/Public Agent/Forgot password - Public Agent FAILED.
Reason:
com.kms.katalon.core.exception.StepFailedException: Unable to click on object 'Object Repository/Forgot Password/Page_The Next Six Agent (SIT)/button_no'
	at com.kms.katalon.core.webui.keyword.internal.WebUIKeywordMain.stepFailed(WebUIKeywordMain.groovy:64)
	at com.kms.katalon.core.webui.keyword.internal.WebUIKeywordMain.runKeyword(WebUIKeywordMain.groovy:26)
	at com.kms.katalon.core.webui.keyword.builtin.ClickKeyword.click(ClickKeyword.groovy:74)
	at com.kms.katalon.core.webui.keyword.builtin.ClickKeyword.execute(ClickKeyword.groovy:40)
	at com.kms.katalon.core.keyword.internal.KeywordExecutor.executeKeywordForPlatform(KeywordExecutor.groovy:74)
	at com.kms.katalon.core.webui.keyword.WebUiBuiltInKeywords.click(WebUiBuiltInKeywords.groovy:620)
	at com.kms.katalon.core.webui.keyword.WebUiBuiltInKeywords$click$3.call(Unknown Source)
	at Forgot password - Public Agent.run(Forgot password - Public Agent:37)
	at com.kms.katalon.core.main.ScriptEngine.run(ScriptEngine.java:194)
	at com.kms.katalon.core.main.ScriptEngine.runScriptAsRawText(ScriptEngine.java:119)
	at com.kms.katalon.core.main.TestCaseExecutor.runScript(TestCaseExecutor.java:448)
	at com.kms.katalon.core.main.TestCaseExecutor.doExecute(TestCaseExecutor.java:439)
	at com.kms.katalon.core.main.TestCaseExecutor.processExecutionPhase(TestCaseExecutor.java:418)
	at com.kms.katalon.core.main.TestCaseExecutor.accessMainPhase(TestCaseExecutor.java:410)
	at com.kms.katalon.core.main.TestCaseExecutor.execute(TestCaseExecutor.java:285)
	at com.kms.katalon.core.common.CommonExecutor.accessTestCaseMainPhase(CommonExecutor.java:65)
	at com.kms.katalon.core.main.TestSuiteExecutor.accessTestSuiteMainPhase(TestSuiteExecutor.java:148)
	at com.kms.katalon.core.main.TestSuiteExecutor.execute(TestSuiteExecutor.java:106)
	at com.kms.katalon.core.main.TestCaseMain.startTestSuite(TestCaseMain.java:187)
	at com.kms.katalon.core.main.TestCaseMain$startTestSuite$0.call(Unknown Source)
	at TempTestSuite1691981448273.run(TempTestSuite1691981448273.groovy:36)
Caused by: com.kms.katalon.core.webui.exception.WebElementNotFoundException: Web element with id: 'Object Repository/Forgot Password/Page_The Next Six Agent (SIT)/button_no' located by '//*[@id="idBtn_Back"]' not found
	at com.kms.katalon.core.webui.common.WebUiCommonHelper.findWebElement(WebUiCommonHelper.java:1381)
	at com.kms.katalon.core.webui.keyword.internal.WebUIAbstractKeyword.findWebElement(WebUIAbstractKeyword.groovy:27)
	at com.kms.katalon.core.webui.keyword.builtin.ClickKeyword$_click_closure1.doCall(ClickKeyword.groovy:65)
	at com.kms.katalon.core.webui.keyword.builtin.ClickKeyword$_click_closure1.call(ClickKeyword.groovy)
	at com.kms.katalon.core.webui.keyword.internal.WebUIKeywordMain.runKeyword(WebUIKeywordMain.groovy:20)
	... 19 more]]></system-err>
      </testcase>
      <testcase name="Test Cases/Login Module/Register Here Link" time="6.073" classname="Test Cases/Login Module/Register Here Link" status="PASSED">
         <system-out><![CDATA[2023-08-14 10:51:46 - [TEST_CASE][PASSED] - Test Cases/Login Module/Register Here Link: Test Cases/Login Module/Register Here Link

2023-08-14 10:51:46 - [TEST_STEP][PASSED] - openBrowser(""): Browser is opened with url: ''

2023-08-14 10:51:46 - [MESSAGE][WARNING] - A browser is already opened. Closing browser and opening a new one

2023-08-14 10:51:47 - [MESSAGE][INFO] - Starting 'Chrome' driver

2023-08-14 10:51:47 - [MESSAGE][INFO] - User set preference: ['args', '[--start-maximized]']

2023-08-14 10:51:47 - [MESSAGE][INFO] - Action delay is set to 0 milliseconds

2023-08-14 10:51:48 - [MESSAGE][PASSED] - Browser is opened with url: ''

2023-08-14 10:51:48 - [TEST_STEP][PASSED] - navigateToUrl("https://sit-agent-v2.nextsix.com/"): Navigate to 'https://sit-agent-v2.nextsix.com/' successfully

2023-08-14 10:51:49 - [MESSAGE][PASSED] - Navigate to 'https://sit-agent-v2.nextsix.com/' successfully

2023-08-14 10:51:49 - [TEST_STEP][PASSED] - click(findTestObject("Object Repository/Login/Page_The Next Six Agent (SIT)/a_Register here")): Object: 'Object Repository/Login/Page_The Next Six Agent (SIT)/a_Register here' is clicked on

2023-08-14 10:51:50 - [MESSAGE][PASSED] - Object: 'Object Repository/Login/Page_The Next Six Agent (SIT)/a_Register here' is clicked on

2023-08-14 10:51:50 - [TEST_STEP][PASSED] - switchToWindowIndex(1): Switched to window with index: '1'

2023-08-14 10:51:50 - [MESSAGE][PASSED] - Switched to window with index: '1'

2023-08-14 10:51:50 - [TEST_STEP][PASSED] - switchToWindowTitle("Property Website in Malaysia for Buy, Sell or Rent | Nextsix"): Switched to window with title: 'Property Website in Malaysia for Buy, Sell or Rent | Nextsix'

2023-08-14 10:51:51 - [MESSAGE][PASSED] - Switched to window with title: 'Property Website in Malaysia for Buy, Sell or Rent | Nextsix'

2023-08-14 10:51:51 - [TEST_STEP][PASSED] - verifyElementText(findTestObject("Object Repository/Login/Page_Property Website in Malaysia for Buy, _648e38/a_Agent Login"), "Agent Login"): Actual text and expected text of test object 'Object Repository/Login/Page_Property Website in Malaysia for Buy, _648e38/a_Agent Login' are matched.

2023-08-14 10:51:52 - [MESSAGE][PASSED] - Actual text and expected text of test object 'Object Repository/Login/Page_Property Website in Malaysia for Buy, _648e38/a_Agent Login' are matched.

2023-08-14 10:51:52 - [TEST_STEP][PASSED] - verifyElementText(findTestObject("Object Repository/Login/Page_Property Website in Malaysia for Buy, _648e38/a_Lucky Draw"), "Lucky Draw"): Actual text and expected text of test object 'Object Repository/Login/Page_Property Website in Malaysia for Buy, _648e38/a_Lucky Draw' are matched.

2023-08-14 10:51:52 - [MESSAGE][PASSED] - Actual text and expected text of test object 'Object Repository/Login/Page_Property Website in Malaysia for Buy, _648e38/a_Lucky Draw' are matched.]]></system-out>
         <system-err><![CDATA[]]></system-err>
      </testcase>
      <testcase name="Test Cases/Login Module/TRR/Login" time="12.285" classname="Test Cases/Login Module/TRR/Login" status="PASSED">
         <system-out><![CDATA[2023-08-14 10:51:52 - [TEST_CASE][PASSED] - Test Cases/Login Module/TRR/Login: Test Cases/Login Module/TRR/Login

2023-08-14 10:51:52 - [TEST_STEP][PASSED] - openBrowser(""): Browser is opened with url: ''

2023-08-14 10:51:52 - [MESSAGE][WARNING] - A browser is already opened. Closing browser and opening a new one

2023-08-14 10:51:53 - [MESSAGE][INFO] - Starting 'Chrome' driver

2023-08-14 10:51:53 - [MESSAGE][INFO] - User set preference: ['args', '[--start-maximized]']

2023-08-14 10:51:53 - [MESSAGE][INFO] - Action delay is set to 0 milliseconds

2023-08-14 10:51:54 - [MESSAGE][PASSED] - Browser is opened with url: ''

2023-08-14 10:51:54 - [TEST_STEP][PASSED] - navigateToUrl("https://sit-agent-v2.nextsix.com/"): Navigate to 'https://sit-agent-v2.nextsix.com/' successfully

2023-08-14 10:51:55 - [MESSAGE][PASSED] - Navigate to 'https://sit-agent-v2.nextsix.com/' successfully

2023-08-14 10:51:55 - [TEST_STEP][PASSED] - verifyElementText(findTestObject("Object Repository/Login/Page_The Next Six Agent (SIT)/label_User Name  Email Address"), "USER NAME / EMAIL ADDRESS"): Actual text and expected text of test object 'Object Repository/Login/Page_The Next Six Agent (SIT)/label_User Name  Email Address' are matched.

2023-08-14 10:51:56 - [MESSAGE][PASSED] - Actual text and expected text of test object 'Object Repository/Login/Page_The Next Six Agent (SIT)/label_User Name  Email Address' are matched.

2023-08-14 10:51:56 - [TEST_STEP][PASSED] - verifyElementText(findTestObject("Object Repository/Login/Page_The Next Six Agent (SIT)/input_User Name  Email Address_username"), ""): Actual text and expected text of test object 'Object Repository/Login/Page_The Next Six Agent (SIT)/input_User Name  Email Address_username' are matched.

2023-08-14 10:51:56 - [MESSAGE][PASSED] - Actual text and expected text of test object 'Object Repository/Login/Page_The Next Six Agent (SIT)/input_User Name  Email Address_username' are matched.

2023-08-14 10:51:56 - [TEST_STEP][PASSED] - verifyElementText(findTestObject("Object Repository/Login/Page_The Next Six Agent (SIT)/label_Password"), "PASSWORD"): Actual text and expected text of test object 'Object Repository/Login/Page_The Next Six Agent (SIT)/label_Password' are matched.

2023-08-14 10:51:56 - [MESSAGE][PASSED] - Actual text and expected text of test object 'Object Repository/Login/Page_The Next Six Agent (SIT)/label_Password' are matched.

2023-08-14 10:51:57 - [TEST_STEP][PASSED] - verifyElementText(findTestObject("Object Repository/Login/Page_The Next Six Agent (SIT)/input_Password_password"), ""): Actual text and expected text of test object 'Object Repository/Login/Page_The Next Six Agent (SIT)/input_Password_password' are matched.

2023-08-14 10:51:57 - [MESSAGE][PASSED] - Actual text and expected text of test object 'Object Repository/Login/Page_The Next Six Agent (SIT)/input_Password_password' are matched.

2023-08-14 10:51:57 - [TEST_STEP][PASSED] - verifyElementText(findTestObject("Object Repository/Login/Page_The Next Six Agent (SIT)/button_forgot password"), "forgot password"): Actual text and expected text of test object 'Object Repository/Login/Page_The Next Six Agent (SIT)/button_forgot password' are matched.

2023-08-14 10:51:57 - [MESSAGE][PASSED] - Actual text and expected text of test object 'Object Repository/Login/Page_The Next Six Agent (SIT)/button_forgot password' are matched.

2023-08-14 10:51:57 - [TEST_STEP][PASSED] - verifyElementText(findTestObject("Object Repository/Login/Page_The Next Six Agent (SIT)/span_Sign In"), "Sign In"): Actual text and expected text of test object 'Object Repository/Login/Page_The Next Six Agent (SIT)/span_Sign In' are matched.

2023-08-14 10:51:58 - [MESSAGE][PASSED] - Actual text and expected text of test object 'Object Repository/Login/Page_The Next Six Agent (SIT)/span_Sign In' are matched.

2023-08-14 10:51:58 - [TEST_STEP][PASSED] - verifyElementText(findTestObject("Object Repository/Login/Page_The Next Six Agent (SIT)/span_Dont have an account yetRegister here"), "Don't have an account yet? Register here"): Actual text and expected text of test object 'Object Repository/Login/Page_The Next Six Agent (SIT)/span_Dont have an account yetRegister here' are matched.

2023-08-14 10:51:58 - [MESSAGE][PASSED] - Actual text and expected text of test object 'Object Repository/Login/Page_The Next Six Agent (SIT)/span_Dont have an account yetRegister here' are matched.

2023-08-14 10:51:58 - [TEST_STEP][PASSED] - setText(findTestObject("Object Repository/Login/Page_The Next Six Agent (SIT)/input_User Name  Email Address_username"), "Ziqh"): Text 'Ziqh' is set on object 'Object Repository/Login/Page_The Next Six Agent (SIT)/input_User Name  Email Address_username'

2023-08-14 10:51:59 - [MESSAGE][PASSED] - Text 'Ziqh' is set on object 'Object Repository/Login/Page_The Next Six Agent (SIT)/input_User Name  Email Address_username'

2023-08-14 10:51:59 - [TEST_STEP][PASSED] - setEncryptedText(findTestObject("Object Repository/Login/Page_The Next Six Agent (SIT)/input_Password_password"), "YC0926CP/9Y="): Text ****** has been set on object 'Object Repository/Login/Page_The Next Six Agent (SIT)/input_Password_password'

2023-08-14 10:51:59 - [MESSAGE][PASSED] - Text ****** has been set on object 'Object Repository/Login/Page_The Next Six Agent (SIT)/input_Password_password'

2023-08-14 10:51:59 - [TEST_STEP][PASSED] - click(findTestObject("Object Repository/Login/Page_The Next Six Agent (SIT)/span_Sign In")): Object: 'Object Repository/Login/Page_The Next Six Agent (SIT)/span_Sign In' is clicked on

2023-08-14 10:52:00 - [MESSAGE][PASSED] - Object: 'Object Repository/Login/Page_The Next Six Agent (SIT)/span_Sign In' is clicked on

2023-08-14 10:52:00 - [TEST_STEP][PASSED] - sendKeys(findTestObject("Object Repository/Login/Page_The Next Six Agent (SIT)/input_Password_password"), Keys.chord(CONTROL, "a")): Keys 'CONTROL + a' sent to object: 'Object Repository/Login/Page_The Next Six Agent (SIT)/input_Password_password'

2023-08-14 10:52:01 - [MESSAGE][PASSED] - Keys 'CONTROL + a' sent to object: 'Object Repository/Login/Page_The Next Six Agent (SIT)/input_Password_password'

2023-08-14 10:52:01 - [TEST_STEP][PASSED] - sendKeys(findTestObject("Object Repository/Login/Page_The Next Six Agent (SIT)/input_Password_password"), Keys.chord(DELETE)): Keys 'DELETE + ' sent to object: 'Object Repository/Login/Page_The Next Six Agent (SIT)/input_Password_password'

2023-08-14 10:52:01 - [MESSAGE][PASSED] - Keys 'DELETE + ' sent to object: 'Object Repository/Login/Page_The Next Six Agent (SIT)/input_Password_password'

2023-08-14 10:52:01 - [TEST_STEP][PASSED] - setEncryptedText(findTestObject("Object Repository/Login/Page_The Next Six Agent (SIT)/input_Password_password"), "aeHFOx8jV/A="): Text ****** has been set on object 'Object Repository/Login/Page_The Next Six Agent (SIT)/input_Password_password'

2023-08-14 10:52:01 - [MESSAGE][PASSED] - Text ****** has been set on object 'Object Repository/Login/Page_The Next Six Agent (SIT)/input_Password_password'

2023-08-14 10:52:01 - [TEST_STEP][PASSED] - click(findTestObject("Object Repository/Login/Page_The Next Six Agent (SIT)/span_Sign In")): Object: 'Object Repository/Login/Page_The Next Six Agent (SIT)/span_Sign In' is clicked on

2023-08-14 10:52:02 - [MESSAGE][PASSED] - Object: 'Object Repository/Login/Page_The Next Six Agent (SIT)/span_Sign In' is clicked on

2023-08-14 10:52:02 - [TEST_STEP][PASSED] - verifyElementText(findTestObject("Object Repository/Login/Page_The Next Six Agent (SIT)/p_Ziqh"), "Ziqh"): Actual text and expected text of test object 'Object Repository/Login/Page_The Next Six Agent (SIT)/p_Ziqh' are matched.

2023-08-14 10:52:03 - [MESSAGE][PASSED] - Actual text and expected text of test object 'Object Repository/Login/Page_The Next Six Agent (SIT)/p_Ziqh' are matched.

2023-08-14 10:52:03 - [TEST_STEP][PASSED] - verifyElementText(findTestObject("Object Repository/Login/Page_The Next Six Agent (SIT)/p_ziqhrugmail.com"), "ziqhru@gmail.com"): Actual text and expected text of test object 'Object Repository/Login/Page_The Next Six Agent (SIT)/p_ziqhrugmail.com' are matched.

2023-08-14 10:52:04 - [MESSAGE][PASSED] - Actual text and expected text of test object 'Object Repository/Login/Page_The Next Six Agent (SIT)/p_ziqhrugmail.com' are matched.

2023-08-14 10:52:04 - [TEST_STEP][PASSED] - click(findTestObject("Object Repository/Login/Page_The Next Six Agent (SIT)/Page_The Next Six Agent (SIT)/span_Logout")): Object: 'Object Repository/Login/Page_The Next Six Agent (SIT)/Page_The Next Six Agent (SIT)/span_Logout' is clicked on

2023-08-14 10:52:04 - [MESSAGE][PASSED] - Object: 'Object Repository/Login/Page_The Next Six Agent (SIT)/Page_The Next Six Agent (SIT)/span_Logout' is clicked on

2023-08-14 10:52:04 - [TEST_STEP][PASSED] - verifyElementText(findTestObject("Object Repository/Login/Page_The Next Six Agent (SIT)/Page_The Next Six Agent (SIT)/span_Sign In"), "Sign In"): Actual text and expected text of test object 'Object Repository/Login/Page_The Next Six Agent (SIT)/Page_The Next Six Agent (SIT)/span_Sign In' are matched.

2023-08-14 10:52:04 - [MESSAGE][PASSED] - Actual text and expected text of test object 'Object Repository/Login/Page_The Next Six Agent (SIT)/Page_The Next Six Agent (SIT)/span_Sign In' are matched.]]></system-out>
         <system-err><![CDATA[]]></system-err>
      </testcase>
      <testcase name="Test Cases/Login Module/TRR/Forgot password -TRR" time="35.461" classname="Test Cases/Login Module/TRR/Forgot password -TRR" status="FAILED">
         <failure type="FAILED" message="Test Cases/Login Module/TRR/Forgot password -TRR FAILED.
Reason:
com.kms.katalon.core.exception.StepFailedException: Unable to set text 'Ziqh' of object 'Object Repository/Forgot Password/Page_The Next Six Agent (SIT)/input_User Name_username'
	at com.kms.katalon.core.webui.keyword.internal.WebUIKeywordMain.stepFailed(WebUIKeywordMain.groovy:64)
	at com.kms.katalon.core.webui.keyword.internal.WebUIKeywordMain.runKeyword(WebUIKeywordMain.groovy:26)
	at com.kms.katalon.core.webui.keyword.builtin.SetTextKeyword.setText(SetTextKeyword.groovy:66)
	at com.kms.katalon.core.webui.keyword.builtin.SetTextKeyword.execute(SetTextKeyword.groovy:37)
	at com.kms.katalon.core.keyword.internal.KeywordExecutor.executeKeywordForPlatform(KeywordExecutor.groovy:74)
	at com.kms.katalon.core.webui.keyword.WebUiBuiltInKeywords.setText(WebUiBuiltInKeywords.groovy:980)
	at com.kms.katalon.core.webui.keyword.WebUiBuiltInKeywords$setText$1.call(Unknown Source)
	at Forgot password -TRR.run(Forgot password -TRR:26)
	at com.kms.katalon.core.main.ScriptEngine.run(ScriptEngine.java:194)
	at com.kms.katalon.core.main.ScriptEngine.runScriptAsRawText(ScriptEngine.java:119)
	at com.kms.katalon.core.main.TestCaseExecutor.runScript(TestCaseExecutor.java:448)
	at com.kms.katalon.core.main.TestCaseExecutor.doExecute(TestCaseExecutor.java:439)
	at com.kms.katalon.core.main.TestCaseExecutor.processExecutionPhase(TestCaseExecutor.java:418)
	at com.kms.katalon.core.main.TestCaseExecutor.accessMainPhase(TestCaseExecutor.java:410)
	at com.kms.katalon.core.main.TestCaseExecutor.execute(TestCaseExecutor.java:285)
	at com.kms.katalon.core.common.CommonExecutor.accessTestCaseMainPhase(CommonExecutor.java:65)
	at com.kms.katalon.core.main.TestSuiteExecutor.accessTestSuiteMainPhase(TestSuiteExecutor.java:148)
	at com.kms.katalon.core.main.TestSuiteExecutor.execute(TestSuiteExecutor.java:106)
	at com.kms.katalon.core.main.TestCaseMain.startTestSuite(TestCaseMain.java:187)
	at com.kms.katalon.core.main.TestCaseMain$startTestSuite$0.call(Unknown Source)
	at TempTestSuite1691981448273.run(TempTestSuite1691981448273.groovy:36)
Caused by: com.kms.katalon.core.webui.exception.WebElementNotFoundException: Web element with id: 'Object Repository/Forgot Password/Page_The Next Six Agent (SIT)/input_User Name_username' located by '//*[@type = 'username' and @placeholder = 'user name' and @name = 'username']' not found
	at com.kms.katalon.core.webui.common.WebUiCommonHelper.findWebElement(WebUiCommonHelper.java:1381)
	at com.kms.katalon.core.webui.keyword.internal.WebUIAbstractKeyword.findWebElement(WebUIAbstractKeyword.groovy:27)
	at com.kms.katalon.core.webui.keyword.internal.WebUIAbstractKeyword.findWebElement(WebUIAbstractKeyword.groovy:26)
	at com.kms.katalon.core.webui.keyword.builtin.SetTextKeyword$_setText_closure1.doCall(SetTextKeyword.groovy:51)
	at com.kms.katalon.core.webui.keyword.builtin.SetTextKeyword$_setText_closure1.call(SetTextKeyword.groovy)
	at com.kms.katalon.core.webui.keyword.internal.WebUIKeywordMain.runKeyword(WebUIKeywordMain.groovy:20)
	... 19 more
"/>
         <system-out><![CDATA[2023-08-14 10:52:04 - [TEST_CASE][FAILED] - Test Cases/Login Module/TRR/Forgot password -TRR: Test Cases/Login Module/TRR/Forgot password -TRR FAILED.
Reason:
com.kms.katalon.core.exception.StepFailedException: Unable to set text 'Ziqh' of object 'Object Repository/Forgot Password/Page_The Next Six Agent (SIT)/input_User Name_username'
	at com.kms.katalon.core.webui.keyword.internal.WebUIKeywordMain.stepFailed(WebUIKeywordMain.groovy:64)
	at com.kms.katalon.core.webui.keyword.internal.WebUIKeywordMain.runKeyword(WebUIKeywordMain.groovy:26)
	at com.kms.katalon.core.webui.keyword.builtin.SetTextKeyword.setText(SetTextKeyword.groovy:66)
	at com.kms.katalon.core.webui.keyword.builtin.SetTextKeyword.execute(SetTextKeyword.groovy:37)
	at com.kms.katalon.core.keyword.internal.KeywordExecutor.executeKeywordForPlatform(KeywordExecutor.groovy:74)
	at com.kms.katalon.core.webui.keyword.WebUiBuiltInKeywords.setText(WebUiBuiltInKeywords.groovy:980)
	at com.kms.katalon.core.webui.keyword.WebUiBuiltInKeywords$setText$1.call(Unknown Source)
	at Forgot password -TRR.run(Forgot password -TRR:26)
	at com.kms.katalon.core.main.ScriptEngine.run(ScriptEngine.java:194)
	at com.kms.katalon.core.main.ScriptEngine.runScriptAsRawText(ScriptEngine.java:119)
	at com.kms.katalon.core.main.TestCaseExecutor.runScript(TestCaseExecutor.java:448)
	at com.kms.katalon.core.main.TestCaseExecutor.doExecute(TestCaseExecutor.java:439)
	at com.kms.katalon.core.main.TestCaseExecutor.processExecutionPhase(TestCaseExecutor.java:418)
	at com.kms.katalon.core.main.TestCaseExecutor.accessMainPhase(TestCaseExecutor.java:410)
	at com.kms.katalon.core.main.TestCaseExecutor.execute(TestCaseExecutor.java:285)
	at com.kms.katalon.core.common.CommonExecutor.accessTestCaseMainPhase(CommonExecutor.java:65)
	at com.kms.katalon.core.main.TestSuiteExecutor.accessTestSuiteMainPhase(TestSuiteExecutor.java:148)
	at com.kms.katalon.core.main.TestSuiteExecutor.execute(TestSuiteExecutor.java:106)
	at com.kms.katalon.core.main.TestCaseMain.startTestSuite(TestCaseMain.java:187)
	at com.kms.katalon.core.main.TestCaseMain$startTestSuite$0.call(Unknown Source)
	at TempTestSuite1691981448273.run(TempTestSuite1691981448273.groovy:36)
Caused by: com.kms.katalon.core.webui.exception.WebElementNotFoundException: Web element with id: 'Object Repository/Forgot Password/Page_The Next Six Agent (SIT)/input_User Name_username' located by '//*[@type = 'username' and @placeholder = 'user name' and @name = 'username']' not found
	at com.kms.katalon.core.webui.common.WebUiCommonHelper.findWebElement(WebUiCommonHelper.java:1381)
	at com.kms.katalon.core.webui.keyword.internal.WebUIAbstractKeyword.findWebElement(WebUIAbstractKeyword.groovy:27)
	at com.kms.katalon.core.webui.keyword.internal.WebUIAbstractKeyword.findWebElement(WebUIAbstractKeyword.groovy:26)
	at com.kms.katalon.core.webui.keyword.builtin.SetTextKeyword$_setText_closure1.doCall(SetTextKeyword.groovy:51)
	at com.kms.katalon.core.webui.keyword.builtin.SetTextKeyword$_setText_closure1.call(SetTextKeyword.groovy)
	at com.kms.katalon.core.webui.keyword.internal.WebUIKeywordMain.runKeyword(WebUIKeywordMain.groovy:20)
	... 19 more


2023-08-14 10:52:05 - [TEST_STEP][PASSED] - openBrowser(""): Browser is opened with url: ''

2023-08-14 10:52:05 - [MESSAGE][WARNING] - A browser is already opened. Closing browser and opening a new one

2023-08-14 10:52:05 - [MESSAGE][INFO] - Starting 'Chrome' driver

2023-08-14 10:52:05 - [MESSAGE][INFO] - User set preference: ['args', '[--start-maximized]']

2023-08-14 10:52:05 - [MESSAGE][INFO] - Action delay is set to 0 milliseconds

2023-08-14 10:52:07 - [MESSAGE][PASSED] - Browser is opened with url: ''

2023-08-14 10:52:07 - [TEST_STEP][PASSED] - navigateToUrl("https://sit-agent-v2.nextsix.com/"): Navigate to 'https://sit-agent-v2.nextsix.com/' successfully

2023-08-14 10:52:07 - [MESSAGE][PASSED] - Navigate to 'https://sit-agent-v2.nextsix.com/' successfully

2023-08-14 10:52:07 - [TEST_STEP][PASSED] - click(findTestObject("Object Repository/Forgot Password/Page_The Next Six Agent (SIT)/button_forgot password")): Object: 'Object Repository/Forgot Password/Page_The Next Six Agent (SIT)/button_forgot password' is clicked on

2023-08-14 10:52:08 - [MESSAGE][PASSED] - Object: 'Object Repository/Forgot Password/Page_The Next Six Agent (SIT)/button_forgot password' is clicked on

2023-08-14 10:52:08 - [TEST_STEP][FAILED] - setText(findTestObject("Object Repository/Forgot Password/Page_The Next Six Agent (SIT)/input_User Name_username"), "Ziqh"): Unable to set text 'Ziqh' of object 'Object Repository/Forgot Password/Page_The Next Six Agent (SIT)/input_User Name_username' (Root cause: com.kms.katalon.core.exception.StepFailedException: Unable to set text 'Ziqh' of object 'Object Repository/Forgot Password/Page_The Next Six Agent (SIT)/input_User Name_username'
	at com.kms.katalon.core.webui.keyword.internal.WebUIKeywordMain.stepFailed(WebUIKeywordMain.groovy:64)
	at com.kms.katalon.core.webui.keyword.internal.WebUIKeywordMain.runKeyword(WebUIKeywordMain.groovy:26)
	at com.kms.katalon.core.webui.keyword.builtin.SetTextKeyword.setText(SetTextKeyword.groovy:66)
	at com.kms.katalon.core.webui.keyword.builtin.SetTextKeyword.execute(SetTextKeyword.groovy:37)
	at com.kms.katalon.core.keyword.internal.KeywordExecutor.executeKeywordForPlatform(KeywordExecutor.groovy:74)
	at com.kms.katalon.core.webui.keyword.WebUiBuiltInKeywords.setText(WebUiBuiltInKeywords.groovy:980)
	at com.kms.katalon.core.webui.keyword.WebUiBuiltInKeywords$setText$1.call(Unknown Source)
	at Forgot password -TRR.run(Forgot password -TRR:26)
	at com.kms.katalon.core.main.ScriptEngine.run(ScriptEngine.java:194)
	at com.kms.katalon.core.main.ScriptEngine.runScriptAsRawText(ScriptEngine.java:119)
	at com.kms.katalon.core.main.TestCaseExecutor.runScript(TestCaseExecutor.java:448)
	at com.kms.katalon.core.main.TestCaseExecutor.doExecute(TestCaseExecutor.java:439)
	at com.kms.katalon.core.main.TestCaseExecutor.processExecutionPhase(TestCaseExecutor.java:418)
	at com.kms.katalon.core.main.TestCaseExecutor.accessMainPhase(TestCaseExecutor.java:410)
	at com.kms.katalon.core.main.TestCaseExecutor.execute(TestCaseExecutor.java:285)
	at com.kms.katalon.core.common.CommonExecutor.accessTestCaseMainPhase(CommonExecutor.java:65)
	at com.kms.katalon.core.main.TestSuiteExecutor.accessTestSuiteMainPhase(TestSuiteExecutor.java:148)
	at com.kms.katalon.core.main.TestSuiteExecutor.execute(TestSuiteExecutor.java:106)
	at com.kms.katalon.core.main.TestCaseMain.startTestSuite(TestCaseMain.java:187)
	at com.kms.katalon.core.main.TestCaseMain$startTestSuite$0.call(Unknown Source)
	at TempTestSuite1691981448273.run(TempTestSuite1691981448273.groovy:36)
Caused by: com.kms.katalon.core.webui.exception.WebElementNotFoundException: Web element with id: 'Object Repository/Forgot Password/Page_The Next Six Agent (SIT)/input_User Name_username' located by '//*[@type = 'username' and @placeholder = 'user name' and @name = 'username']' not found
	at com.kms.katalon.core.webui.common.WebUiCommonHelper.findWebElement(WebUiCommonHelper.java:1381)
	at com.kms.katalon.core.webui.keyword.internal.WebUIAbstractKeyword.findWebElement(WebUIAbstractKeyword.groovy:27)
	at com.kms.katalon.core.webui.keyword.internal.WebUIAbstractKeyword.findWebElement(WebUIAbstractKeyword.groovy:26)
	at com.kms.katalon.core.webui.keyword.builtin.SetTextKeyword$_setText_closure1.doCall(SetTextKeyword.groovy:51)
	at com.kms.katalon.core.webui.keyword.builtin.SetTextKeyword$_setText_closure1.call(SetTextKeyword.groovy)
	at com.kms.katalon.core.webui.keyword.internal.WebUIKeywordMain.runKeyword(WebUIKeywordMain.groovy:20)
	at com.kms.katalon.core.webui.keyword.builtin.SetTextKeyword.setText(SetTextKeyword.groovy:66)
	at com.kms.katalon.core.webui.keyword.builtin.SetTextKeyword.execute(SetTextKeyword.groovy:37)
	at com.kms.katalon.core.keyword.internal.KeywordExecutor.executeKeywordForPlatform(KeywordExecutor.groovy:74)
	at com.kms.katalon.core.webui.keyword.WebUiBuiltInKeywords.setText(WebUiBuiltInKeywords.groovy:980)
	at com.kms.katalon.core.webui.keyword.WebUiBuiltInKeywords$setText$1.call(Unknown Source)
	at Script1690953897808.run(Script1690953897808.groovy:26)
	... 13 more
)

2023-08-14 10:52:39 - [MESSAGE][INFO] - Unable to find the element located by 'By.xpath: //*[@type = 'username' and @placeholder = 'user name' and @name = 'username']'. Please recheck the objects properties to make sure the desired element is located. 

2023-08-14 10:52:40 - [MESSAGE][FAILED] - Unable to set text 'Ziqh' of object 'Object Repository/Forgot Password/Page_The Next Six Agent (SIT)/input_User Name_username' (Root cause: com.kms.katalon.core.exception.StepFailedException: Unable to set text 'Ziqh' of object 'Object Repository/Forgot Password/Page_The Next Six Agent (SIT)/input_User Name_username'
	at com.kms.katalon.core.webui.keyword.internal.WebUIKeywordMain.stepFailed(WebUIKeywordMain.groovy:64)
	at com.kms.katalon.core.webui.keyword.internal.WebUIKeywordMain.runKeyword(WebUIKeywordMain.groovy:26)
	at com.kms.katalon.core.webui.keyword.builtin.SetTextKeyword.setText(SetTextKeyword.groovy:66)
	at com.kms.katalon.core.webui.keyword.builtin.SetTextKeyword.execute(SetTextKeyword.groovy:37)
	at com.kms.katalon.core.keyword.internal.KeywordExecutor.executeKeywordForPlatform(KeywordExecutor.groovy:74)
	at com.kms.katalon.core.webui.keyword.WebUiBuiltInKeywords.setText(WebUiBuiltInKeywords.groovy:980)
	at com.kms.katalon.core.webui.keyword.WebUiBuiltInKeywords$setText$1.call(Unknown Source)
	at Forgot password -TRR.run(Forgot password -TRR:26)
	at com.kms.katalon.core.main.ScriptEngine.run(ScriptEngine.java:194)
	at com.kms.katalon.core.main.ScriptEngine.runScriptAsRawText(ScriptEngine.java:119)
	at com.kms.katalon.core.main.TestCaseExecutor.runScript(TestCaseExecutor.java:448)
	at com.kms.katalon.core.main.TestCaseExecutor.doExecute(TestCaseExecutor.java:439)
	at com.kms.katalon.core.main.TestCaseExecutor.processExecutionPhase(TestCaseExecutor.java:418)
	at com.kms.katalon.core.main.TestCaseExecutor.accessMainPhase(TestCaseExecutor.java:410)
	at com.kms.katalon.core.main.TestCaseExecutor.execute(TestCaseExecutor.java:285)
	at com.kms.katalon.core.common.CommonExecutor.accessTestCaseMainPhase(CommonExecutor.java:65)
	at com.kms.katalon.core.main.TestSuiteExecutor.accessTestSuiteMainPhase(TestSuiteExecutor.java:148)
	at com.kms.katalon.core.main.TestSuiteExecutor.execute(TestSuiteExecutor.java:106)
	at com.kms.katalon.core.main.TestCaseMain.startTestSuite(TestCaseMain.java:187)
	at com.kms.katalon.core.main.TestCaseMain$startTestSuite$0.call(Unknown Source)
	at TempTestSuite1691981448273.run(TempTestSuite1691981448273.groovy:36)
Caused by: com.kms.katalon.core.webui.exception.WebElementNotFoundException: Web element with id: 'Object Repository/Forgot Password/Page_The Next Six Agent (SIT)/input_User Name_username' located by '//*[@type = 'username' and @placeholder = 'user name' and @name = 'username']' not found
	at com.kms.katalon.core.webui.common.WebUiCommonHelper.findWebElement(WebUiCommonHelper.java:1381)
	at com.kms.katalon.core.webui.keyword.internal.WebUIAbstractKeyword.findWebElement(WebUIAbstractKeyword.groovy:27)
	at com.kms.katalon.core.webui.keyword.internal.WebUIAbstractKeyword.findWebElement(WebUIAbstractKeyword.groovy:26)
	at com.kms.katalon.core.webui.keyword.builtin.SetTextKeyword$_setText_closure1.doCall(SetTextKeyword.groovy:51)
	at com.kms.katalon.core.webui.keyword.builtin.SetTextKeyword$_setText_closure1.call(SetTextKeyword.groovy)
	at com.kms.katalon.core.webui.keyword.internal.WebUIKeywordMain.runKeyword(WebUIKeywordMain.groovy:20)
	at com.kms.katalon.core.webui.keyword.builtin.SetTextKeyword.setText(SetTextKeyword.groovy:66)
	at com.kms.katalon.core.webui.keyword.builtin.SetTextKeyword.execute(SetTextKeyword.groovy:37)
	at com.kms.katalon.core.keyword.internal.KeywordExecutor.executeKeywordForPlatform(KeywordExecutor.groovy:74)
	at com.kms.katalon.core.webui.keyword.WebUiBuiltInKeywords.setText(WebUiBuiltInKeywords.groovy:980)
	at com.kms.katalon.core.webui.keyword.WebUiBuiltInKeywords$setText$1.call(Unknown Source)
	at Script1690953897808.run(Script1690953897808.groovy:26)
	... 13 more
)
[[ATTACHMENT|C:\\Users\\user\\git\\agentportal\\Reports\\20230814_105048\\Regression Test\\20230814_105048\\1691981559993.png]]]]></system-out>
         <system-err><![CDATA[2023-08-14 10:52:04 - [TEST_CASE][FAILED] - Test Cases/Login Module/TRR/Forgot password -TRR: Test Cases/Login Module/TRR/Forgot password -TRR FAILED.
Reason:
com.kms.katalon.core.exception.StepFailedException: Unable to set text 'Ziqh' of object 'Object Repository/Forgot Password/Page_The Next Six Agent (SIT)/input_User Name_username'
	at com.kms.katalon.core.webui.keyword.internal.WebUIKeywordMain.stepFailed(WebUIKeywordMain.groovy:64)
	at com.kms.katalon.core.webui.keyword.internal.WebUIKeywordMain.runKeyword(WebUIKeywordMain.groovy:26)
	at com.kms.katalon.core.webui.keyword.builtin.SetTextKeyword.setText(SetTextKeyword.groovy:66)
	at com.kms.katalon.core.webui.keyword.builtin.SetTextKeyword.execute(SetTextKeyword.groovy:37)
	at com.kms.katalon.core.keyword.internal.KeywordExecutor.executeKeywordForPlatform(KeywordExecutor.groovy:74)
	at com.kms.katalon.core.webui.keyword.WebUiBuiltInKeywords.setText(WebUiBuiltInKeywords.groovy:980)
	at com.kms.katalon.core.webui.keyword.WebUiBuiltInKeywords$setText$1.call(Unknown Source)
	at Forgot password -TRR.run(Forgot password -TRR:26)
	at com.kms.katalon.core.main.ScriptEngine.run(ScriptEngine.java:194)
	at com.kms.katalon.core.main.ScriptEngine.runScriptAsRawText(ScriptEngine.java:119)
	at com.kms.katalon.core.main.TestCaseExecutor.runScript(TestCaseExecutor.java:448)
	at com.kms.katalon.core.main.TestCaseExecutor.doExecute(TestCaseExecutor.java:439)
	at com.kms.katalon.core.main.TestCaseExecutor.processExecutionPhase(TestCaseExecutor.java:418)
	at com.kms.katalon.core.main.TestCaseExecutor.accessMainPhase(TestCaseExecutor.java:410)
	at com.kms.katalon.core.main.TestCaseExecutor.execute(TestCaseExecutor.java:285)
	at com.kms.katalon.core.common.CommonExecutor.accessTestCaseMainPhase(CommonExecutor.java:65)
	at com.kms.katalon.core.main.TestSuiteExecutor.accessTestSuiteMainPhase(TestSuiteExecutor.java:148)
	at com.kms.katalon.core.main.TestSuiteExecutor.execute(TestSuiteExecutor.java:106)
	at com.kms.katalon.core.main.TestCaseMain.startTestSuite(TestCaseMain.java:187)
	at com.kms.katalon.core.main.TestCaseMain$startTestSuite$0.call(Unknown Source)
	at TempTestSuite1691981448273.run(TempTestSuite1691981448273.groovy:36)
Caused by: com.kms.katalon.core.webui.exception.WebElementNotFoundException: Web element with id: 'Object Repository/Forgot Password/Page_The Next Six Agent (SIT)/input_User Name_username' located by '//*[@type = 'username' and @placeholder = 'user name' and @name = 'username']' not found
	at com.kms.katalon.core.webui.common.WebUiCommonHelper.findWebElement(WebUiCommonHelper.java:1381)
	at com.kms.katalon.core.webui.keyword.internal.WebUIAbstractKeyword.findWebElement(WebUIAbstractKeyword.groovy:27)
	at com.kms.katalon.core.webui.keyword.internal.WebUIAbstractKeyword.findWebElement(WebUIAbstractKeyword.groovy:26)
	at com.kms.katalon.core.webui.keyword.builtin.SetTextKeyword$_setText_closure1.doCall(SetTextKeyword.groovy:51)
	at com.kms.katalon.core.webui.keyword.builtin.SetTextKeyword$_setText_closure1.call(SetTextKeyword.groovy)
	at com.kms.katalon.core.webui.keyword.internal.WebUIKeywordMain.runKeyword(WebUIKeywordMain.groovy:20)
	... 19 more]]></system-err>
      </testcase>
      <testcase name="Test Cases/New Property Master/Create New Property Master" time="33.223" classname="Test Cases/New Property Master/Create New Property Master" status="PASSED">
         <system-out><![CDATA[2023-08-14 10:52:40 - [TEST_CASE][PASSED] - Test Cases/New Property Master/Create New Property Master: Test Cases/New Property Master/Create New Property Master

2023-08-14 10:52:40 - [TEST_STEP][PASSED] - openBrowser(""): Browser is opened with url: ''

2023-08-14 10:52:40 - [MESSAGE][WARNING] - A browser is already opened. Closing browser and opening a new one

2023-08-14 10:52:41 - [MESSAGE][INFO] - Starting 'Chrome' driver

2023-08-14 10:52:41 - [MESSAGE][INFO] - User set preference: ['args', '[--start-maximized]']

2023-08-14 10:52:41 - [MESSAGE][INFO] - Action delay is set to 0 milliseconds

2023-08-14 10:52:42 - [MESSAGE][PASSED] - Browser is opened with url: ''

2023-08-14 10:52:42 - [TEST_STEP][PASSED] - navigateToUrl("https://sit-agent-v2.nextsix.com/"): Navigate to 'https://sit-agent-v2.nextsix.com/' successfully

2023-08-14 10:52:43 - [MESSAGE][PASSED] - Navigate to 'https://sit-agent-v2.nextsix.com/' successfully

2023-08-14 10:52:43 - [TEST_STEP][PASSED] - setText(findTestObject("Object Repository/Create new property master/Page_The Next Six Agent (SIT)/input_User Name  Email Address_username"), "Ziqh"): Text 'Ziqh' is set on object 'Object Repository/Create new property master/Page_The Next Six Agent (SIT)/input_User Name  Email Address_username'

2023-08-14 10:52:44 - [MESSAGE][PASSED] - Text 'Ziqh' is set on object 'Object Repository/Create new property master/Page_The Next Six Agent (SIT)/input_User Name  Email Address_username'

2023-08-14 10:52:44 - [TEST_STEP][PASSED] - setEncryptedText(findTestObject("Object Repository/Create new property master/Page_The Next Six Agent (SIT)/input_Password_password"), "aeHFOx8jV/A="): Text ****** has been set on object 'Object Repository/Create new property master/Page_The Next Six Agent (SIT)/input_Password_password'

2023-08-14 10:52:44 - [MESSAGE][PASSED] - Text ****** has been set on object 'Object Repository/Create new property master/Page_The Next Six Agent (SIT)/input_Password_password'

2023-08-14 10:52:44 - [TEST_STEP][PASSED] - click(findTestObject("Object Repository/Create new property master/Page_The Next Six Agent (SIT)/button_Sign In")): Object: 'Object Repository/Create new property master/Page_The Next Six Agent (SIT)/button_Sign In' is clicked on

2023-08-14 10:52:45 - [MESSAGE][PASSED] - Object: 'Object Repository/Create new property master/Page_The Next Six Agent (SIT)/button_Sign In' is clicked on

2023-08-14 10:52:45 - [TEST_STEP][PASSED] - click(findTestObject("Object Repository/Create new property master/Page_The Next Six Agent (SIT)/span_New Property Request")): Object: 'Object Repository/Create new property master/Page_The Next Six Agent (SIT)/span_New Property Request' is clicked on

2023-08-14 10:52:46 - [MESSAGE][PASSED] - Object: 'Object Repository/Create new property master/Page_The Next Six Agent (SIT)/span_New Property Request' is clicked on

2023-08-14 10:52:46 - [TEST_STEP][PASSED] - verifyElementText(findTestObject("Object Repository/Create new property master/Page_The Next Six Agent (SIT)/span_New Property Request"), "New Property Request"): Actual text and expected text of test object 'Object Repository/Create new property master/Page_The Next Six Agent (SIT)/span_New Property Request' are matched.

2023-08-14 10:52:47 - [MESSAGE][PASSED] - Actual text and expected text of test object 'Object Repository/Create new property master/Page_The Next Six Agent (SIT)/span_New Property Request' are matched.

2023-08-14 10:52:47 - [TEST_STEP][PASSED] - click(findTestObject("Object Repository/Create new property master/Page_The Next Six Agent (SIT)/button_Create New Property Request")): Object: 'Object Repository/Create new property master/Page_The Next Six Agent (SIT)/button_Create New Property Request' is clicked on

2023-08-14 10:52:47 - [MESSAGE][PASSED] - Object: 'Object Repository/Create new property master/Page_The Next Six Agent (SIT)/button_Create New Property Request' is clicked on

2023-08-14 10:52:47 - [TEST_STEP][PASSED] - verifyElementText(findTestObject("Object Repository/Create new property master/Page_The Next Six Agent (SIT)/p_NOTE Only make new request if the propert_38fa62"), "NOTE: Only make new request if the property is high rise (Apartment, Flat, Condominium or Service Residence)"): Actual text and expected text of test object 'Object Repository/Create new property master/Page_The Next Six Agent (SIT)/p_NOTE Only make new request if the propert_38fa62' are matched.

2023-08-14 10:52:48 - [MESSAGE][PASSED] - Actual text and expected text of test object 'Object Repository/Create new property master/Page_The Next Six Agent (SIT)/p_NOTE Only make new request if the propert_38fa62' are matched.

2023-08-14 10:52:48 - [TEST_STEP][PASSED] - click(findTestObject("Object Repository/Create new property master/Page_The Next Six Agent (SIT)/div_Property Name")): Object: 'Object Repository/Create new property master/Page_The Next Six Agent (SIT)/div_Property Name' is clicked on

2023-08-14 10:52:48 - [MESSAGE][PASSED] - Object: 'Object Repository/Create new property master/Page_The Next Six Agent (SIT)/div_Property Name' is clicked on

2023-08-14 10:52:48 - [TEST_STEP][PASSED] - setText(findTestObject("Object Repository/Create new property master/Page_The Next Six Agent (SIT)/input_Property Name_propName"), "Kuchai Avenue"): Text 'Kuchai Avenue' is set on object 'Object Repository/Create new property master/Page_The Next Six Agent (SIT)/input_Property Name_propName'

2023-08-14 10:52:49 - [MESSAGE][PASSED] - Text 'Kuchai Avenue' is set on object 'Object Repository/Create new property master/Page_The Next Six Agent (SIT)/input_Property Name_propName'

2023-08-14 10:52:49 - [TEST_STEP][PASSED] - click(findTestObject("Object Repository/Create new property master/Page_The Next Six Agent (SIT)/button_Next")): Object: 'Object Repository/Create new property master/Page_The Next Six Agent (SIT)/button_Next' is clicked on

2023-08-14 10:52:50 - [MESSAGE][PASSED] - Object: 'Object Repository/Create new property master/Page_The Next Six Agent (SIT)/button_Next' is clicked on

2023-08-14 10:52:50 - [TEST_STEP][PASSED] - verifyElementText(findTestObject("Object Repository/Forgot Password/Page_The Next Six Agent (SIT)/verifyduplicate"), "Property Name is not unique"): Actual text and expected text of test object 'Object Repository/Forgot Password/Page_The Next Six Agent (SIT)/verifyduplicate' are matched.

2023-08-14 10:52:50 - [MESSAGE][PASSED] - Actual text and expected text of test object 'Object Repository/Forgot Password/Page_The Next Six Agent (SIT)/verifyduplicate' are matched.

2023-08-14 10:52:50 - [TEST_STEP][PASSED] - sendKeys(findTestObject("Object Repository/Create new property master/Page_The Next Six Agent (SIT)/input_Property Name_propName"), Keys.chord(CONTROL, "a")): Keys 'CONTROL + a' sent to object: 'Object Repository/Create new property master/Page_The Next Six Agent (SIT)/input_Property Name_propName'

2023-08-14 10:52:51 - [MESSAGE][PASSED] - Keys 'CONTROL + a' sent to object: 'Object Repository/Create new property master/Page_The Next Six Agent (SIT)/input_Property Name_propName'

2023-08-14 10:52:51 - [TEST_STEP][PASSED] - sendKeys(findTestObject("Object Repository/Create new property master/Page_The Next Six Agent (SIT)/input_Property Name_propName"), Keys.chord(DELETE)): Keys 'DELETE + ' sent to object: 'Object Repository/Create new property master/Page_The Next Six Agent (SIT)/input_Property Name_propName'

2023-08-14 10:52:51 - [MESSAGE][PASSED] - Keys 'DELETE + ' sent to object: 'Object Repository/Create new property master/Page_The Next Six Agent (SIT)/input_Property Name_propName'

2023-08-14 10:52:51 - [TEST_STEP][PASSED] - setText(findTestObject("Object Repository/Create new property master/Page_The Next Six Agent (SIT)/input_Property Name_propName"), "kucHAI avenue"): Text 'kucHAI avenue' is set on object 'Object Repository/Create new property master/Page_The Next Six Agent (SIT)/input_Property Name_propName'

2023-08-14 10:52:52 - [MESSAGE][PASSED] - Text 'kucHAI avenue' is set on object 'Object Repository/Create new property master/Page_The Next Six Agent (SIT)/input_Property Name_propName'

2023-08-14 10:52:52 - [TEST_STEP][PASSED] - click(findTestObject("Object Repository/Create new property master/Page_The Next Six Agent (SIT)/button_Next")): Object: 'Object Repository/Create new property master/Page_The Next Six Agent (SIT)/button_Next' is clicked on

2023-08-14 10:52:52 - [MESSAGE][PASSED] - Object: 'Object Repository/Create new property master/Page_The Next Six Agent (SIT)/button_Next' is clicked on

2023-08-14 10:52:52 - [TEST_STEP][PASSED] - verifyElementText(findTestObject("Object Repository/Forgot Password/Page_The Next Six Agent (SIT)/verifyduplicate"), "Property Name is not unique"): Actual text and expected text of test object 'Object Repository/Forgot Password/Page_The Next Six Agent (SIT)/verifyduplicate' are matched.

2023-08-14 10:52:53 - [MESSAGE][PASSED] - Actual text and expected text of test object 'Object Repository/Forgot Password/Page_The Next Six Agent (SIT)/verifyduplicate' are matched.

2023-08-14 10:52:53 - [TEST_STEP][PASSED] - sendKeys(findTestObject("Object Repository/Create new property master/Page_The Next Six Agent (SIT)/input_Property Name_propName"), Keys.chord(CONTROL, "a")): Keys 'CONTROL + a' sent to object: 'Object Repository/Create new property master/Page_The Next Six Agent (SIT)/input_Property Name_propName'

2023-08-14 10:52:53 - [MESSAGE][PASSED] - Keys 'CONTROL + a' sent to object: 'Object Repository/Create new property master/Page_The Next Six Agent (SIT)/input_Property Name_propName'

2023-08-14 10:52:53 - [TEST_STEP][PASSED] - sendKeys(findTestObject("Object Repository/Create new property master/Page_The Next Six Agent (SIT)/input_Property Name_propName"), Keys.chord(DELETE)): Keys 'DELETE + ' sent to object: 'Object Repository/Create new property master/Page_The Next Six Agent (SIT)/input_Property Name_propName'

2023-08-14 10:52:54 - [MESSAGE][PASSED] - Keys 'DELETE + ' sent to object: 'Object Repository/Create new property master/Page_The Next Six Agent (SIT)/input_Property Name_propName'

2023-08-14 10:52:54 - [TEST_STEP][PASSED] - random = new java.util.Random(): null

2023-08-14 10:52:54 - [TEST_STEP][PASSED] - min = 1: null

2023-08-14 10:52:54 - [TEST_STEP][PASSED] - max = 10000: null

2023-08-14 10:52:54 - [TEST_STEP][PASSED] - randomint = min + random.nextInt(max - min): null

2023-08-14 10:52:54 - [TEST_STEP][PASSED] - setText(findTestObject("Object Repository/Create new property master/Page_The Next Six Agent (SIT)/input_Property Name_propName"), "The Apartment " + randomint): Text 'The Apartment 8376' is set on object 'Object Repository/Create new property master/Page_The Next Six Agent (SIT)/input_Property Name_propName'

2023-08-14 10:52:55 - [MESSAGE][PASSED] - Text 'The Apartment 8376' is set on object 'Object Repository/Create new property master/Page_The Next Six Agent (SIT)/input_Property Name_propName'

2023-08-14 10:52:55 - [TEST_STEP][PASSED] - click(findTestObject("Object Repository/Create new property master/Page_The Next Six Agent (SIT)/div_Select Property Category")): Object: 'Object Repository/Create new property master/Page_The Next Six Agent (SIT)/div_Select Property Category' is clicked on

2023-08-14 10:52:55 - [MESSAGE][PASSED] - Object: 'Object Repository/Create new property master/Page_The Next Six Agent (SIT)/div_Select Property Category' is clicked on

2023-08-14 10:52:55 - [TEST_STEP][PASSED] - click(findTestObject("Object Repository/Create new property master/Page_The Next Six Agent (SIT)/div_ApartmentFlat")): Object: 'Object Repository/Create new property master/Page_The Next Six Agent (SIT)/div_ApartmentFlat' is clicked on

2023-08-14 10:52:56 - [MESSAGE][PASSED] - Object: 'Object Repository/Create new property master/Page_The Next Six Agent (SIT)/div_ApartmentFlat' is clicked on

2023-08-14 10:52:56 - [TEST_STEP][PASSED] - click(findTestObject("Object Repository/Create new property master/Page_The Next Six Agent (SIT)/div_Select Property Type")): Object: 'Object Repository/Create new property master/Page_The Next Six Agent (SIT)/div_Select Property Type' is clicked on

2023-08-14 10:52:56 - [MESSAGE][PASSED] - Object: 'Object Repository/Create new property master/Page_The Next Six Agent (SIT)/div_Select Property Type' is clicked on

2023-08-14 10:52:56 - [TEST_STEP][PASSED] - click(findTestObject("Object Repository/Create new property master/Page_The Next Six Agent (SIT)/div_Apartment")): Object: 'Object Repository/Create new property master/Page_The Next Six Agent (SIT)/div_Apartment' is clicked on

2023-08-14 10:52:57 - [MESSAGE][PASSED] - Object: 'Object Repository/Create new property master/Page_The Next Six Agent (SIT)/div_Apartment' is clicked on

2023-08-14 10:52:57 - [TEST_STEP][PASSED] - click(findTestObject("Object Repository/Create new property master/Page_The Next Six Agent (SIT)/button_Next")): Object: 'Object Repository/Create new property master/Page_The Next Six Agent (SIT)/button_Next' is clicked on

2023-08-14 10:52:57 - [MESSAGE][PASSED] - Object: 'Object Repository/Create new property master/Page_The Next Six Agent (SIT)/button_Next' is clicked on

2023-08-14 10:52:57 - [TEST_STEP][PASSED] - setText(findTestObject("Object Repository/Create new property master/Page_The Next Six Agent (SIT)/input_Address Line 1_propAddressLine1"), "Jalan Tiara Sendayan 2, Taman Tiara Sendayan"): Text 'Jalan Tiara Sendayan 2, Taman Tiara Sendayan' is set on object 'Object Repository/Create new property master/Page_The Next Six Agent (SIT)/input_Address Line 1_propAddressLine1'

2023-08-14 10:52:59 - [MESSAGE][PASSED] - Text 'Jalan Tiara Sendayan 2, Taman Tiara Sendayan' is set on object 'Object Repository/Create new property master/Page_The Next Six Agent (SIT)/input_Address Line 1_propAddressLine1'

2023-08-14 10:52:59 - [TEST_STEP][PASSED] - setText(findTestObject("Object Repository/Create new property master/Page_The Next Six Agent (SIT)/input_City_propCity"), "Labu"): Text 'Labu' is set on object 'Object Repository/Create new property master/Page_The Next Six Agent (SIT)/input_City_propCity'

2023-08-14 10:52:59 - [MESSAGE][PASSED] - Text 'Labu' is set on object 'Object Repository/Create new property master/Page_The Next Six Agent (SIT)/input_City_propCity'

2023-08-14 10:52:59 - [TEST_STEP][PASSED] - setText(findTestObject("Object Repository/Create new property master/Page_The Next Six Agent (SIT)/input_Postcode_propPostcode"), "71900"): Text '71900' is set on object 'Object Repository/Create new property master/Page_The Next Six Agent (SIT)/input_Postcode_propPostcode'

2023-08-14 10:53:00 - [MESSAGE][PASSED] - Text '71900' is set on object 'Object Repository/Create new property master/Page_The Next Six Agent (SIT)/input_Postcode_propPostcode'

2023-08-14 10:53:00 - [TEST_STEP][PASSED] - click(findTestObject("Object Repository/Create new property master/Page_The Next Six Agent (SIT)/div_Select State")): Object: 'Object Repository/Create new property master/Page_The Next Six Agent (SIT)/div_Select State' is clicked on

2023-08-14 10:53:01 - [MESSAGE][PASSED] - Object: 'Object Repository/Create new property master/Page_The Next Six Agent (SIT)/div_Select State' is clicked on

2023-08-14 10:53:01 - [TEST_STEP][PASSED] - click(findTestObject("Object Repository/Create new property master/Page_The Next Six Agent (SIT)/div_Negeri Sembilan")): Object: 'Object Repository/Create new property master/Page_The Next Six Agent (SIT)/div_Negeri Sembilan' is clicked on

2023-08-14 10:53:01 - [MESSAGE][PASSED] - Object: 'Object Repository/Create new property master/Page_The Next Six Agent (SIT)/div_Negeri Sembilan' is clicked on

2023-08-14 10:53:01 - [TEST_STEP][PASSED] - click(findTestObject("Object Repository/Create new property master/Page_The Next Six Agent (SIT)/div_Select Area")): Object: 'Object Repository/Create new property master/Page_The Next Six Agent (SIT)/div_Select Area' is clicked on

2023-08-14 10:53:02 - [MESSAGE][PASSED] - Object: 'Object Repository/Create new property master/Page_The Next Six Agent (SIT)/div_Select Area' is clicked on

2023-08-14 10:53:02 - [TEST_STEP][PASSED] - click(findTestObject("Object Repository/Create new property master/Page_The Next Six Agent (SIT)/div_Labu")): Object: 'Object Repository/Create new property master/Page_The Next Six Agent (SIT)/div_Labu' is clicked on

2023-08-14 10:53:02 - [MESSAGE][PASSED] - Object: 'Object Repository/Create new property master/Page_The Next Six Agent (SIT)/div_Labu' is clicked on

2023-08-14 10:53:02 - [TEST_STEP][PASSED] - click(findTestObject("Object Repository/Create new property master/Page_The Next Six Agent (SIT)/div_Select All")): Object: 'Object Repository/Create new property master/Page_The Next Six Agent (SIT)/div_Select All' is clicked on

2023-08-14 10:53:03 - [MESSAGE][PASSED] - Object: 'Object Repository/Create new property master/Page_The Next Six Agent (SIT)/div_Select All' is clicked on

2023-08-14 10:53:03 - [TEST_STEP][PASSED] - click(findTestObject("Object Repository/Create new property master/Page_The Next Six Agent (SIT)/div_Deselect All")): Object: 'Object Repository/Create new property master/Page_The Next Six Agent (SIT)/div_Deselect All' is clicked on

2023-08-14 10:53:03 - [MESSAGE][PASSED] - Object: 'Object Repository/Create new property master/Page_The Next Six Agent (SIT)/div_Deselect All' is clicked on

2023-08-14 10:53:03 - [TEST_STEP][PASSED] - click(findTestObject("Object Repository/Create new property master/Page_The Next Six Agent (SIT)/div_Select All")): Object: 'Object Repository/Create new property master/Page_The Next Six Agent (SIT)/div_Select All' is clicked on

2023-08-14 10:53:04 - [MESSAGE][PASSED] - Object: 'Object Repository/Create new property master/Page_The Next Six Agent (SIT)/div_Select All' is clicked on

2023-08-14 10:53:04 - [TEST_STEP][PASSED] - click(findTestObject("Object Repository/Create new property master/Page_The Next Six Agent (SIT)/button_Publish")): Object: 'Object Repository/Create new property master/Page_The Next Six Agent (SIT)/button_Publish' is clicked on

2023-08-14 10:53:05 - [MESSAGE][PASSED] - Object: 'Object Repository/Create new property master/Page_The Next Six Agent (SIT)/button_Publish' is clicked on

2023-08-14 10:53:05 - [TEST_STEP][PASSED] - verifyElementText(findTestObject("Object Repository/Create new property master/Page_The Next Six Agent (SIT)/p_Are you sure you want to submit this request"), "Are you sure you want to submit this request?"): Actual text and expected text of test object 'Object Repository/Create new property master/Page_The Next Six Agent (SIT)/p_Are you sure you want to submit this request' are matched.

2023-08-14 10:53:05 - [MESSAGE][PASSED] - Actual text and expected text of test object 'Object Repository/Create new property master/Page_The Next Six Agent (SIT)/p_Are you sure you want to submit this request' are matched.

2023-08-14 10:53:05 - [TEST_STEP][PASSED] - click(findTestObject("Object Repository/Create new property master/Page_The Next Six Agent (SIT)/button_Cancel")): Object: 'Object Repository/Create new property master/Page_The Next Six Agent (SIT)/button_Cancel' is clicked on

2023-08-14 10:53:06 - [MESSAGE][PASSED] - Object: 'Object Repository/Create new property master/Page_The Next Six Agent (SIT)/button_Cancel' is clicked on

2023-08-14 10:53:06 - [TEST_STEP][PASSED] - click(findTestObject("Object Repository/Create new property master/Page_The Next Six Agent (SIT)/button_Publish")): Object: 'Object Repository/Create new property master/Page_The Next Six Agent (SIT)/button_Publish' is clicked on

2023-08-14 10:53:06 - [MESSAGE][PASSED] - Object: 'Object Repository/Create new property master/Page_The Next Six Agent (SIT)/button_Publish' is clicked on

2023-08-14 10:53:06 - [TEST_STEP][PASSED] - click(findTestObject("Object Repository/Create new property master/Page_The Next Six Agent (SIT)/button_Confirmation modal_btn-close")): Object: 'Object Repository/Create new property master/Page_The Next Six Agent (SIT)/button_Confirmation modal_btn-close' is clicked on

2023-08-14 10:53:07 - [MESSAGE][PASSED] - Object: 'Object Repository/Create new property master/Page_The Next Six Agent (SIT)/button_Confirmation modal_btn-close' is clicked on

2023-08-14 10:53:07 - [TEST_STEP][PASSED] - click(findTestObject("Object Repository/Create new property master/Page_The Next Six Agent (SIT)/button_Publish")): Object: 'Object Repository/Create new property master/Page_The Next Six Agent (SIT)/button_Publish' is clicked on

2023-08-14 10:53:08 - [MESSAGE][PASSED] - Object: 'Object Repository/Create new property master/Page_The Next Six Agent (SIT)/button_Publish' is clicked on

2023-08-14 10:53:08 - [TEST_STEP][PASSED] - click(findTestObject("Object Repository/Create new property master/Page_The Next Six Agent (SIT)/button_Submit")): Object: 'Object Repository/Create new property master/Page_The Next Six Agent (SIT)/button_Submit' is clicked on

2023-08-14 10:53:09 - [MESSAGE][PASSED] - Object: 'Object Repository/Create new property master/Page_The Next Six Agent (SIT)/button_Submit' is clicked on

2023-08-14 10:53:09 - [TEST_STEP][PASSED] - verifyElementText(findTestObject("Object Repository/Create new property master/Page_The Next Six Agent (SIT)/h1_Successful"), "Successful"): Actual text and expected text of test object 'Object Repository/Create new property master/Page_The Next Six Agent (SIT)/h1_Successful' are matched.

2023-08-14 10:53:10 - [MESSAGE][PASSED] - Actual text and expected text of test object 'Object Repository/Create new property master/Page_The Next Six Agent (SIT)/h1_Successful' are matched.

2023-08-14 10:53:10 - [TEST_STEP][PASSED] - click(findTestObject("Object Repository/Create new property master/Page_The Next Six Agent (SIT)/button_Back to New Property Request")): Object: 'Object Repository/Create new property master/Page_The Next Six Agent (SIT)/button_Back to New Property Request' is clicked on

2023-08-14 10:53:10 - [MESSAGE][PASSED] - Object: 'Object Repository/Create new property master/Page_The Next Six Agent (SIT)/button_Back to New Property Request' is clicked on

2023-08-14 10:53:10 - [TEST_STEP][PASSED] - verifyElementText(findTestObject("Object Repository/Create new property master/Page_The Next Six Agent (SIT)/td_The Apartment 2"), "The Apartment " + randomint): Actual text and expected text of test object 'Object Repository/Create new property master/Page_The Next Six Agent (SIT)/td_The Apartment 2' are matched.

2023-08-14 10:53:11 - [MESSAGE][PASSED] - Actual text and expected text of test object 'Object Repository/Create new property master/Page_The Next Six Agent (SIT)/td_The Apartment 2' are matched.

2023-08-14 10:53:11 - [TEST_STEP][PASSED] - newdate = Date().format("dd/M/yyyy"): null

2023-08-14 10:53:11 - [TEST_STEP][PASSED] - println(newdate): null

2023-08-14 10:53:11 - [TEST_STEP][PASSED] - verifyElementText(findTestObject("Object Repository/Create new property master/Page_The Next Six Agent (SIT)/td_0282023"), newdate): Actual text and expected text of test object 'Object Repository/Create new property master/Page_The Next Six Agent (SIT)/td_0282023' are matched.

2023-08-14 10:53:11 - [MESSAGE][PASSED] - Actual text and expected text of test object 'Object Repository/Create new property master/Page_The Next Six Agent (SIT)/td_0282023' are matched.

2023-08-14 10:53:11 - [TEST_STEP][PASSED] - verifyElementText(findTestObject("Object Repository/Create new property master/Page_The Next Six Agent (SIT)/span_Pending"), "Pending"): Actual text and expected text of test object 'Object Repository/Create new property master/Page_The Next Six Agent (SIT)/span_Pending' are matched.

2023-08-14 10:53:11 - [MESSAGE][PASSED] - Actual text and expected text of test object 'Object Repository/Create new property master/Page_The Next Six Agent (SIT)/span_Pending' are matched.

2023-08-14 10:53:11 - [TEST_STEP][PASSED] - setText(findTestObject("Object Repository/Create new property master/Page_The Next Six Agent (SIT)/input_Create New Property Request_form-cont_25d365"), "The Apartment " + randomint): Text 'The Apartment 8376' is set on object 'Object Repository/Create new property master/Page_The Next Six Agent (SIT)/input_Create New Property Request_form-cont_25d365'

2023-08-14 10:53:12 - [MESSAGE][PASSED] - Text 'The Apartment 8376' is set on object 'Object Repository/Create new property master/Page_The Next Six Agent (SIT)/input_Create New Property Request_form-cont_25d365'

2023-08-14 10:53:12 - [TEST_STEP][PASSED] - click(findTestObject("Object Repository/Create new property master/Page_The Next Six Agent (SIT)/button_Apply")): Object: 'Object Repository/Create new property master/Page_The Next Six Agent (SIT)/button_Apply' is clicked on

2023-08-14 10:53:12 - [MESSAGE][PASSED] - Object: 'Object Repository/Create new property master/Page_The Next Six Agent (SIT)/button_Apply' is clicked on

2023-08-14 10:53:12 - [TEST_STEP][PASSED] - verifyElementText(findTestObject("Object Repository/Create new property master/Page_The Next Six Agent (SIT)/td_The Apartment 2"), "The Apartment " + randomint): Actual text and expected text of test object 'Object Repository/Create new property master/Page_The Next Six Agent (SIT)/td_The Apartment 2' are matched.

2023-08-14 10:53:13 - [MESSAGE][PASSED] - Actual text and expected text of test object 'Object Repository/Create new property master/Page_The Next Six Agent (SIT)/td_The Apartment 2' are matched.

2023-08-14 10:53:13 - [TEST_STEP][PASSED] - verifyElementText(findTestObject("Object Repository/Create new property master/Page_The Next Six Agent (SIT)/span_Pending"), "Pending"): Actual text and expected text of test object 'Object Repository/Create new property master/Page_The Next Six Agent (SIT)/span_Pending' are matched.

2023-08-14 10:53:13 - [MESSAGE][PASSED] - Actual text and expected text of test object 'Object Repository/Create new property master/Page_The Next Six Agent (SIT)/span_Pending' are matched.]]></system-out>
         <system-err><![CDATA[]]></system-err>
      </testcase>
      <system-out><![CDATA[2023-08-14 10:50:51 - [TEST_SUITE][FAILED] - Regression Test: Test Cases/Login Module/Public Agent/Forgot password - Public Agent FAILED.
Reason:
com.kms.katalon.core.exception.StepFailedException: Unable to click on object 'Object Repository/Forgot Password/Page_The Next Six Agent (SIT)/button_no'
	at com.kms.katalon.core.webui.keyword.internal.WebUIKeywordMain.stepFailed(WebUIKeywordMain.groovy:64)
	at com.kms.katalon.core.webui.keyword.internal.WebUIKeywordMain.runKeyword(WebUIKeywordMain.groovy:26)
	at com.kms.katalon.core.webui.keyword.builtin.ClickKeyword.click(ClickKeyword.groovy:74)
	at com.kms.katalon.core.webui.keyword.builtin.ClickKeyword.execute(ClickKeyword.groovy:40)
	at com.kms.katalon.core.keyword.internal.KeywordExecutor.executeKeywordForPlatform(KeywordExecutor.groovy:74)
	at com.kms.katalon.core.webui.keyword.WebUiBuiltInKeywords.click(WebUiBuiltInKeywords.groovy:620)
	at com.kms.katalon.core.webui.keyword.WebUiBuiltInKeywords$click$3.call(Unknown Source)
	at Forgot password - Public Agent.run(Forgot password - Public Agent:37)
	at com.kms.katalon.core.main.ScriptEngine.run(ScriptEngine.java:194)
	at com.kms.katalon.core.main.ScriptEngine.runScriptAsRawText(ScriptEngine.java:119)
	at com.kms.katalon.core.main.TestCaseExecutor.runScript(TestCaseExecutor.java:448)
	at com.kms.katalon.core.main.TestCaseExecutor.doExecute(TestCaseExecutor.java:439)
	at com.kms.katalon.core.main.TestCaseExecutor.processExecutionPhase(TestCaseExecutor.java:418)
	at com.kms.katalon.core.main.TestCaseExecutor.accessMainPhase(TestCaseExecutor.java:410)
	at com.kms.katalon.core.main.TestCaseExecutor.execute(TestCaseExecutor.java:285)
	at com.kms.katalon.core.common.CommonExecutor.accessTestCaseMainPhase(CommonExecutor.java:65)
	at com.kms.katalon.core.main.TestSuiteExecutor.accessTestSuiteMainPhase(TestSuiteExecutor.java:148)
	at com.kms.katalon.core.main.TestSuiteExecutor.execute(TestSuiteExecutor.java:106)
	at com.kms.katalon.core.main.TestCaseMain.startTestSuite(TestCaseMain.java:187)
	at com.kms.katalon.core.main.TestCaseMain$startTestSuite$0.call(Unknown Source)
	at TempTestSuite1691981448273.run(TempTestSuite1691981448273.groovy:36)
Caused by: com.kms.katalon.core.webui.exception.WebElementNotFoundException: Web element with id: 'Object Repository/Forgot Password/Page_The Next Six Agent (SIT)/button_no' located by '//*[@id="idBtn_Back"]' not found
	at com.kms.katalon.core.webui.common.WebUiCommonHelper.findWebElement(WebUiCommonHelper.java:1381)
	at com.kms.katalon.core.webui.keyword.internal.WebUIAbstractKeyword.findWebElement(WebUIAbstractKeyword.groovy:27)
	at com.kms.katalon.core.webui.keyword.builtin.ClickKeyword$_click_closure1.doCall(ClickKeyword.groovy:65)
	at com.kms.katalon.core.webui.keyword.builtin.ClickKeyword$_click_closure1.call(ClickKeyword.groovy)
	at com.kms.katalon.core.webui.keyword.internal.WebUIKeywordMain.runKeyword(WebUIKeywordMain.groovy:20)
	... 19 more]]></system-out>
      <system-err><![CDATA[2023-08-14 10:50:51 - [TEST_SUITE][FAILED] - Regression Test: Test Cases/Login Module/Public Agent/Forgot password - Public Agent FAILED.
Reason:
com.kms.katalon.core.exception.StepFailedException: Unable to click on object 'Object Repository/Forgot Password/Page_The Next Six Agent (SIT)/button_no'
	at com.kms.katalon.core.webui.keyword.internal.WebUIKeywordMain.stepFailed(WebUIKeywordMain.groovy:64)
	at com.kms.katalon.core.webui.keyword.internal.WebUIKeywordMain.runKeyword(WebUIKeywordMain.groovy:26)
	at com.kms.katalon.core.webui.keyword.builtin.ClickKeyword.click(ClickKeyword.groovy:74)
	at com.kms.katalon.core.webui.keyword.builtin.ClickKeyword.execute(ClickKeyword.groovy:40)
	at com.kms.katalon.core.keyword.internal.KeywordExecutor.executeKeywordForPlatform(KeywordExecutor.groovy:74)
	at com.kms.katalon.core.webui.keyword.WebUiBuiltInKeywords.click(WebUiBuiltInKeywords.groovy:620)
	at com.kms.katalon.core.webui.keyword.WebUiBuiltInKeywords$click$3.call(Unknown Source)
	at Forgot password - Public Agent.run(Forgot password - Public Agent:37)
	at com.kms.katalon.core.main.ScriptEngine.run(ScriptEngine.java:194)
	at com.kms.katalon.core.main.ScriptEngine.runScriptAsRawText(ScriptEngine.java:119)
	at com.kms.katalon.core.main.TestCaseExecutor.runScript(TestCaseExecutor.java:448)
	at com.kms.katalon.core.main.TestCaseExecutor.doExecute(TestCaseExecutor.java:439)
	at com.kms.katalon.core.main.TestCaseExecutor.processExecutionPhase(TestCaseExecutor.java:418)
	at com.kms.katalon.core.main.TestCaseExecutor.accessMainPhase(TestCaseExecutor.java:410)
	at com.kms.katalon.core.main.TestCaseExecutor.execute(TestCaseExecutor.java:285)
	at com.kms.katalon.core.common.CommonExecutor.accessTestCaseMainPhase(CommonExecutor.java:65)
	at com.kms.katalon.core.main.TestSuiteExecutor.accessTestSuiteMainPhase(TestSuiteExecutor.java:148)
	at com.kms.katalon.core.main.TestSuiteExecutor.execute(TestSuiteExecutor.java:106)
	at com.kms.katalon.core.main.TestCaseMain.startTestSuite(TestCaseMain.java:187)
	at com.kms.katalon.core.main.TestCaseMain$startTestSuite$0.call(Unknown Source)
	at TempTestSuite1691981448273.run(TempTestSuite1691981448273.groovy:36)
Caused by: com.kms.katalon.core.webui.exception.WebElementNotFoundException: Web element with id: 'Object Repository/Forgot Password/Page_The Next Six Agent (SIT)/button_no' located by '//*[@id="idBtn_Back"]' not found
	at com.kms.katalon.core.webui.common.WebUiCommonHelper.findWebElement(WebUiCommonHelper.java:1381)
	at com.kms.katalon.core.webui.keyword.internal.WebUIAbstractKeyword.findWebElement(WebUIAbstractKeyword.groovy:27)
	at com.kms.katalon.core.webui.keyword.builtin.ClickKeyword$_click_closure1.doCall(ClickKeyword.groovy:65)
	at com.kms.katalon.core.webui.keyword.builtin.ClickKeyword$_click_closure1.call(ClickKeyword.groovy)
	at com.kms.katalon.core.webui.keyword.internal.WebUIKeywordMain.runKeyword(WebUIKeywordMain.groovy:20)
	... 19 more]]></system-err>
   </testsuite>
</testsuites>
