<?xml version="1.0" encoding="UTF-8"?>
<testsuites name="Regression Test" time="75.03" tests="6" failures="1" errors="0">
   <testsuite name="Regression Test" tests="6" failures="1" errors="0" time="75.03" skipped="0" timestamp="2023-08-23 08:47:13" hostname="NextSix - LAPTOP-1RKM9NHJ" id="Test Suites/Regression Test">
      <properties>
         <property name="deviceName" value=""/>
         <property name="devicePlatform" value=""/>
         <property name="logFolder" value="C:\\Users\\user\\git\\agentportal\\Reports\\20230823_084659\\Regression Test\\20230823_084659"/>
         <property name="logFiles" value="C:\\Users\\user\\git\\agentportal\\Reports\\20230823_084659\\Regression Test\\20230823_084659\\execution0.log"/>
         <property name="attachments" value="C:\\Users\\user\\git\\agentportal\\Reports\\20230823_084659\\Regression Test\\20230823_084659\\1692751708037.png, C:\\Users\\user\\git\\agentportal\\Reports\\20230823_084659\\Regression Test\\20230823_084659\\1692751708265.png"/>
         <property name="hostName" value="NextSix - LAPTOP-1RKM9NHJ"/>
         <property name="os" value="Windows 10 64bit"/>
         <property name="katalonVersion" value="8.6.5.208"/>
         <property name="browser" value="Chrome 115.0.0.0"/>
         <property name="hostAddress" value="192.168.3.102"/>
         <property name="sessionId" value="e14cacd4eab9bceb8c2361b95d207fa1"/>
         <property name="seleniumVersion" value="3.141.59"/>
         <property name="proxyInformation" value="ProxyInformation { proxyOption=NO_PROXY, proxyServerType=HTTP, username=, password=********, proxyServerAddress=, proxyServerPort=0, executionList=&quot;&quot;, isApplyToDesiredCapabilities=true }"/>
         <property name="platform" value="Windows 10"/>
      </properties>
      <testcase name="Test Cases/Login Module/Public Agent/Login" time="11.56" classname="Test Cases/Login Module/Public Agent/Login" status="PASSED">
         <system-out><![CDATA[2023-08-23 08:47:13 - [TEST_CASE][PASSED] - Test Cases/Login Module/Public Agent/Login: Test Cases/Login Module/Public Agent/Login

2023-08-23 08:47:13 - [TEST_STEP][PASSED] - openBrowser(""): Browser is opened with url: ''

2023-08-23 08:47:14 - [MESSAGE][INFO] - Starting 'Chrome' driver

2023-08-23 08:47:14 - [MESSAGE][INFO] - User set preference: ['args', '[--start-maximized]']

2023-08-23 08:47:14 - [MESSAGE][INFO] - Action delay is set to 0 milliseconds

2023-08-23 08:47:17 - [MESSAGE][PASSED] - Browser is opened with url: ''

2023-08-23 08:47:17 - [TEST_STEP][PASSED] - navigateToUrl("https://sit-agent-v2.nextsix.com/"): Navigate to 'https://sit-agent-v2.nextsix.com/' successfully

2023-08-23 08:47:18 - [MESSAGE][PASSED] - Navigate to 'https://sit-agent-v2.nextsix.com/' successfully

2023-08-23 08:47:18 - [TEST_STEP][PASSED] - setText(findTestObject("Object Repository/Login/Page_The Next Six Agent (SIT)/input_User Name  Email Address_username"), "ziqhru@gmail.com"): Text 'ziqhru@gmail.com' is set on object 'Object Repository/Login/Page_The Next Six Agent (SIT)/input_User Name  Email Address_username'

2023-08-23 08:47:19 - [MESSAGE][PASSED] - Text 'ziqhru@gmail.com' is set on object 'Object Repository/Login/Page_The Next Six Agent (SIT)/input_User Name  Email Address_username'

2023-08-23 08:47:19 - [TEST_STEP][PASSED] - setEncryptedText(findTestObject("Object Repository/Login/Page_The Next Six Agent (SIT)/input_Password_password"), "tzH6RvlfSTg="): Text ****** has been set on object 'Object Repository/Login/Page_The Next Six Agent (SIT)/input_Password_password'

2023-08-23 08:47:20 - [MESSAGE][PASSED] - Text ****** has been set on object 'Object Repository/Login/Page_The Next Six Agent (SIT)/input_Password_password'

2023-08-23 08:47:20 - [TEST_STEP][PASSED] - click(findTestObject("Object Repository/Login/Page_The Next Six Agent (SIT)/Page_The Next Six Agent (SIT)/span_Sign In")): Object: 'Object Repository/Login/Page_The Next Six Agent (SIT)/Page_The Next Six Agent (SIT)/span_Sign In' is clicked on

2023-08-23 08:47:20 - [MESSAGE][PASSED] - Object: 'Object Repository/Login/Page_The Next Six Agent (SIT)/Page_The Next Six Agent (SIT)/span_Sign In' is clicked on

2023-08-23 08:47:20 - [TEST_STEP][PASSED] - verifyElementText(findTestObject("Object Repository/Login/Page_The Next Six Agent (SIT)/Page_The Next Six Agent (SIT)/div_Invalid usernamepassword. Please try again"), "Invalid username/password. Please try again"): Actual text and expected text of test object 'Object Repository/Login/Page_The Next Six Agent (SIT)/Page_The Next Six Agent (SIT)/div_Invalid usernamepassword. Please try again' are matched.

2023-08-23 08:47:21 - [MESSAGE][PASSED] - Actual text and expected text of test object 'Object Repository/Login/Page_The Next Six Agent (SIT)/Page_The Next Six Agent (SIT)/div_Invalid usernamepassword. Please try again' are matched.

2023-08-23 08:47:21 - [TEST_STEP][PASSED] - sendKeys(findTestObject("Object Repository/Login/Page_The Next Six Agent (SIT)/input_Password_password"), Keys.chord(CONTROL, "a")): Keys 'CONTROL + a' sent to object: 'Object Repository/Login/Page_The Next Six Agent (SIT)/input_Password_password'

2023-08-23 08:47:21 - [MESSAGE][PASSED] - Keys 'CONTROL + a' sent to object: 'Object Repository/Login/Page_The Next Six Agent (SIT)/input_Password_password'

2023-08-23 08:47:21 - [TEST_STEP][PASSED] - sendKeys(findTestObject("Object Repository/Login/Page_The Next Six Agent (SIT)/input_Password_password"), Keys.chord(DELETE)): Keys 'DELETE + ' sent to object: 'Object Repository/Login/Page_The Next Six Agent (SIT)/input_Password_password'

2023-08-23 08:47:22 - [MESSAGE][PASSED] - Keys 'DELETE + ' sent to object: 'Object Repository/Login/Page_The Next Six Agent (SIT)/input_Password_password'

2023-08-23 08:47:22 - [TEST_STEP][PASSED] - setEncryptedText(findTestObject("Object Repository/Login/Page_The Next Six Agent (SIT)/input_Password_password"), "HeCM15nHKBI="): Text ****** has been set on object 'Object Repository/Login/Page_The Next Six Agent (SIT)/input_Password_password'

2023-08-23 08:47:22 - [MESSAGE][PASSED] - Text ****** has been set on object 'Object Repository/Login/Page_The Next Six Agent (SIT)/input_Password_password'

2023-08-23 08:47:22 - [TEST_STEP][PASSED] - click(findTestObject("Object Repository/Login/Page_The Next Six Agent (SIT)/Page_The Next Six Agent (SIT)/span_Sign In")): Object: 'Object Repository/Login/Page_The Next Six Agent (SIT)/Page_The Next Six Agent (SIT)/span_Sign In' is clicked on

2023-08-23 08:47:22 - [MESSAGE][PASSED] - Object: 'Object Repository/Login/Page_The Next Six Agent (SIT)/Page_The Next Six Agent (SIT)/span_Sign In' is clicked on

2023-08-23 08:47:22 - [TEST_STEP][PASSED] - verifyElementText(findTestObject("Object Repository/Login/Page_The Next Six Agent (SIT)/Page_The Next Six Agent (SIT)/p_ziqhrugmail.com"), "ziqhru@gmail.com"): Actual text and expected text of test object 'Object Repository/Login/Page_The Next Six Agent (SIT)/Page_The Next Six Agent (SIT)/p_ziqhrugmail.com' are matched.

2023-08-23 08:47:24 - [MESSAGE][PASSED] - Actual text and expected text of test object 'Object Repository/Login/Page_The Next Six Agent (SIT)/Page_The Next Six Agent (SIT)/p_ziqhrugmail.com' are matched.

2023-08-23 08:47:24 - [TEST_STEP][PASSED] - verifyElementPresent(findTestObject("Object Repository/Login/Page_The Next Six Agent (SIT)/Page_The Next Six Agent (SIT)/img_Copyright  2020-2023. The Next Six Sdn._2664f6"), 0): Object 'Object Repository/Login/Page_The Next Six Agent (SIT)/Page_The Next Six Agent (SIT)/img_Copyright  2020-2023. The Next Six Sdn._2664f6' is present

2023-08-23 08:47:24 - [MESSAGE][WARNING] - Timeout '0' is invalid. Using default page load timeout: '30'

2023-08-23 08:47:24 - [MESSAGE][PASSED] - Object 'Object Repository/Login/Page_The Next Six Agent (SIT)/Page_The Next Six Agent (SIT)/img_Copyright  2020-2023. The Next Six Sdn._2664f6' is present

2023-08-23 08:47:24 - [TEST_STEP][PASSED] - click(findTestObject("Object Repository/Login/Page_The Next Six Agent (SIT)/Page_The Next Six Agent (SIT)/span_Logout")): Object: 'Object Repository/Login/Page_The Next Six Agent (SIT)/Page_The Next Six Agent (SIT)/span_Logout' is clicked on

2023-08-23 08:47:24 - [MESSAGE][PASSED] - Object: 'Object Repository/Login/Page_The Next Six Agent (SIT)/Page_The Next Six Agent (SIT)/span_Logout' is clicked on

2023-08-23 08:47:24 - [TEST_STEP][PASSED] - verifyElementText(findTestObject("Object Repository/Login/Page_The Next Six Agent (SIT)/Page_The Next Six Agent (SIT)/span_Sign In"), "Sign In"): Actual text and expected text of test object 'Object Repository/Login/Page_The Next Six Agent (SIT)/Page_The Next Six Agent (SIT)/span_Sign In' are matched.

2023-08-23 08:47:25 - [MESSAGE][PASSED] - Actual text and expected text of test object 'Object Repository/Login/Page_The Next Six Agent (SIT)/Page_The Next Six Agent (SIT)/span_Sign In' are matched.]]></system-out>
         <system-err><![CDATA[]]></system-err>
      </testcase>
      <testcase name="Test Cases/Login Module/Public Agent/Forgot password - Public Agent" time="32.23" classname="Test Cases/Login Module/Public Agent/Forgot password - Public Agent" status="PASSED">
         <system-out><![CDATA[2023-08-23 08:47:25 - [TEST_CASE][PASSED] - Test Cases/Login Module/Public Agent/Forgot password - Public Agent: Test Cases/Login Module/Public Agent/Forgot password - Public Agent

2023-08-23 08:47:25 - [TEST_STEP][PASSED] - openBrowser(""): Browser is opened with url: ''

2023-08-23 08:47:25 - [MESSAGE][WARNING] - A browser is already opened. Closing browser and opening a new one

2023-08-23 08:47:26 - [MESSAGE][INFO] - Starting 'Chrome' driver

2023-08-23 08:47:26 - [MESSAGE][INFO] - User set preference: ['args', '[--start-maximized]']

2023-08-23 08:47:26 - [MESSAGE][INFO] - Action delay is set to 0 milliseconds

2023-08-23 08:47:27 - [MESSAGE][PASSED] - Browser is opened with url: ''

2023-08-23 08:47:27 - [TEST_STEP][PASSED] - navigateToUrl("https://sit-agent-v2.nextsix.com/"): Navigate to 'https://sit-agent-v2.nextsix.com/' successfully

2023-08-23 08:47:28 - [MESSAGE][PASSED] - Navigate to 'https://sit-agent-v2.nextsix.com/' successfully

2023-08-23 08:47:28 - [TEST_STEP][PASSED] - click(findTestObject("Object Repository/Forgot Password/Page_The Next Six Agent (SIT)/Page_The Next Six Agent (SIT)/button_forgot password")): Object: 'Object Repository/Forgot Password/Page_The Next Six Agent (SIT)/Page_The Next Six Agent (SIT)/button_forgot password' is clicked on

2023-08-23 08:47:28 - [MESSAGE][PASSED] - Object: 'Object Repository/Forgot Password/Page_The Next Six Agent (SIT)/Page_The Next Six Agent (SIT)/button_forgot password' is clicked on

2023-08-23 08:47:28 - [TEST_STEP][PASSED] - setText(findTestObject("Object Repository/Forgot Password/Page_The Next Six Agent (SIT)/Page_The Next Six Agent (SIT)/input_User Name_username"), "testernext61@outlook.com"): Text 'testernext61@outlook.com' is set on object 'Object Repository/Forgot Password/Page_The Next Six Agent (SIT)/Page_The Next Six Agent (SIT)/input_User Name_username'

2023-08-23 08:47:29 - [MESSAGE][PASSED] - Text 'testernext61@outlook.com' is set on object 'Object Repository/Forgot Password/Page_The Next Six Agent (SIT)/Page_The Next Six Agent (SIT)/input_User Name_username'

2023-08-23 08:47:29 - [TEST_STEP][PASSED] - click(findTestObject("Object Repository/Forgot Password/Page_The Next Six Agent (SIT)/Page_The Next Six Agent (SIT)/submit")): Object: 'Object Repository/Forgot Password/Page_The Next Six Agent (SIT)/Page_The Next Six Agent (SIT)/submit' is clicked on

2023-08-23 08:47:30 - [MESSAGE][PASSED] - Object: 'Object Repository/Forgot Password/Page_The Next Six Agent (SIT)/Page_The Next Six Agent (SIT)/submit' is clicked on

2023-08-23 08:47:30 - [TEST_STEP][PASSED] - verifyElementText(findTestObject("Object Repository/Forgot Password/Page_The Next Six Agent (SIT)/Page_The Next Six Agent (SIT)/successtext"), "Password reset request was sent successfully. Please check your email to reset your password."): Actual text and expected text of test object 'Object Repository/Forgot Password/Page_The Next Six Agent (SIT)/Page_The Next Six Agent (SIT)/successtext' are matched.

2023-08-23 08:47:30 - [MESSAGE][PASSED] - Actual text and expected text of test object 'Object Repository/Forgot Password/Page_The Next Six Agent (SIT)/Page_The Next Six Agent (SIT)/successtext' are matched.

2023-08-23 08:47:30 - [TEST_STEP][PASSED] - sendKeys(findTestObject("Object Repository/Forgot Password/Page_The Next Six Agent (SIT)/Page_The Next Six Agent (SIT)/input_User Name_username"), Keys.chord(CONTROL, "a")): Keys 'CONTROL + a' sent to object: 'Object Repository/Forgot Password/Page_The Next Six Agent (SIT)/Page_The Next Six Agent (SIT)/input_User Name_username'

2023-08-23 08:47:31 - [MESSAGE][PASSED] - Keys 'CONTROL + a' sent to object: 'Object Repository/Forgot Password/Page_The Next Six Agent (SIT)/Page_The Next Six Agent (SIT)/input_User Name_username'

2023-08-23 08:47:31 - [TEST_STEP][PASSED] - sendKeys(findTestObject("Object Repository/Forgot Password/Page_The Next Six Agent (SIT)/Page_The Next Six Agent (SIT)/input_User Name_username"), Keys.chord(DELETE)): Keys 'DELETE + ' sent to object: 'Object Repository/Forgot Password/Page_The Next Six Agent (SIT)/Page_The Next Six Agent (SIT)/input_User Name_username'

2023-08-23 08:47:31 - [MESSAGE][PASSED] - Keys 'DELETE + ' sent to object: 'Object Repository/Forgot Password/Page_The Next Six Agent (SIT)/Page_The Next Six Agent (SIT)/input_User Name_username'

2023-08-23 08:47:31 - [TEST_STEP][PASSED] - navigateToUrl("https://login.live.com/login.srf?wa=wsignin1.0&rpsnv=15&ct=1690958366&rver=7.0.6737.0&wp=MBI_SSL&wreply=https%3a%2f%2foutlook.live.com%2fowa%2f%3fcobrandid%3dab0455a0-8d03-46b9-b18b-df2f57b9e44c%26nlp%3d1%26deeplink%3dowa%252f%26RpsCsrfState%3d47550ee8-a8a1-75fe-368f-063c1837e2dd&id=292841&aadredir=1&CBCXT=out&lw=1&fl=dob%2cflname%2cwld&cobrandid=ab0455a0-8d03-46b9-b18b-df2f57b9e44c"): Navigate to 'https://login.live.com/login.srf?wa=wsignin1.0&rpsnv=15&ct=1690958366&rver=7.0.6737.0&wp=MBI_SSL&wreply=https%3a%2f%2foutlook.live.com%2fowa%2f%3fcobrandid%3dab0455a0-8d03-46b9-b18b-df2f57b9e44c%26nlp%3d1%26deeplink%3dowa%252f%26RpsCsrfState%3d47550ee8-a8a1-75fe-368f-063c1837e2dd&id=292841&aadredir=1&CBCXT=out&lw=1&fl=dob%2cflname%2cwld&cobrandid=ab0455a0-8d03-46b9-b18b-df2f57b9e44c' successfully

2023-08-23 08:47:32 - [MESSAGE][PASSED] - Navigate to 'https://login.live.com/login.srf?wa=wsignin1.0&rpsnv=15&ct=1690958366&rver=7.0.6737.0&wp=MBI_SSL&wreply=https%3a%2f%2foutlook.live.com%2fowa%2f%3fcobrandid%3dab0455a0-8d03-46b9-b18b-df2f57b9e44c%26nlp%3d1%26deeplink%3dowa%252f%26RpsCsrfState%3d47550ee8-a8a1-75fe-368f-063c1837e2dd&id=292841&aadredir=1&CBCXT=out&lw=1&fl=dob%2cflname%2cwld&cobrandid=ab0455a0-8d03-46b9-b18b-df2f57b9e44c' successfully

2023-08-23 08:47:32 - [TEST_STEP][PASSED] - setText(findTestObject("Object Repository/Forgot Password/Page_The Next Six Agent (SIT)/outlooklogin"), "testernext61@outlook.com"): Text 'testernext61@outlook.com' is set on object 'Object Repository/Forgot Password/Page_The Next Six Agent (SIT)/outlooklogin'

2023-08-23 08:47:33 - [MESSAGE][PASSED] - Text 'testernext61@outlook.com' is set on object 'Object Repository/Forgot Password/Page_The Next Six Agent (SIT)/outlooklogin'

2023-08-23 08:47:33 - [TEST_STEP][PASSED] - click(findTestObject("Object Repository/Forgot Password/Page_The Next Six Agent (SIT)/nextbutton")): Object: 'Object Repository/Forgot Password/Page_The Next Six Agent (SIT)/nextbutton' is clicked on

2023-08-23 08:47:34 - [MESSAGE][PASSED] - Object: 'Object Repository/Forgot Password/Page_The Next Six Agent (SIT)/nextbutton' is clicked on

2023-08-23 08:47:34 - [TEST_STEP][PASSED] - setText(findTestObject("Object Repository/Forgot Password/Page_The Next Six Agent (SIT)/outlookpassword"), "Next65678"): Text 'Next65678' is set on object 'Object Repository/Forgot Password/Page_The Next Six Agent (SIT)/outlookpassword'

2023-08-23 08:47:35 - [MESSAGE][PASSED] - Text 'Next65678' is set on object 'Object Repository/Forgot Password/Page_The Next Six Agent (SIT)/outlookpassword'

2023-08-23 08:47:35 - [TEST_STEP][PASSED] - click(findTestObject("Object Repository/Forgot Password/Page_The Next Six Agent (SIT)/nextbutton")): Object: 'Object Repository/Forgot Password/Page_The Next Six Agent (SIT)/nextbutton' is clicked on

2023-08-23 08:47:36 - [MESSAGE][PASSED] - Object: 'Object Repository/Forgot Password/Page_The Next Six Agent (SIT)/nextbutton' is clicked on

2023-08-23 08:47:36 - [TEST_STEP][PASSED] - click(findTestObject("Object Repository/Forgot Password/Page_The Next Six Agent (SIT)/button_no")): Object: 'Object Repository/Forgot Password/Page_The Next Six Agent (SIT)/button_no' is clicked on

2023-08-23 08:47:38 - [MESSAGE][PASSED] - Object: 'Object Repository/Forgot Password/Page_The Next Six Agent (SIT)/button_no' is clicked on

2023-08-23 08:47:38 - [TEST_STEP][PASSED] - delay(2): Delayed 2 second(s)

2023-08-23 08:47:40 - [MESSAGE][PASSED] - Delayed 2 second(s)

2023-08-23 08:47:40 - [TEST_STEP][PASSED] - click(findTestObject("Object Repository/Forgot Password/Page_The Next Six Agent (SIT)/Page_The Next Six Agent (SIT)/Page_Email - tester next6 - Outlook/span_Reset your password")): Object: 'Object Repository/Forgot Password/Page_The Next Six Agent (SIT)/Page_The Next Six Agent (SIT)/Page_Email - tester next6 - Outlook/span_Reset your password' is clicked on

2023-08-23 08:47:45 - [MESSAGE][PASSED] - Object: 'Object Repository/Forgot Password/Page_The Next Six Agent (SIT)/Page_The Next Six Agent (SIT)/Page_Email - tester next6 - Outlook/span_Reset your password' is clicked on

2023-08-23 08:47:45 - [TEST_STEP][PASSED] - click(findTestObject("Object Repository/Forgot Password/Page_The Next Six Agent (SIT)/Page_The Next Six Agent (SIT)/Page_Email - tester next6 - Outlook/Page_Email - tester next6 - Outlook/a_Visit this link to reset your password")): Object: 'Object Repository/Forgot Password/Page_The Next Six Agent (SIT)/Page_The Next Six Agent (SIT)/Page_Email - tester next6 - Outlook/Page_Email - tester next6 - Outlook/a_Visit this link to reset your password' is clicked on

2023-08-23 08:47:48 - [MESSAGE][PASSED] - Object: 'Object Repository/Forgot Password/Page_The Next Six Agent (SIT)/Page_The Next Six Agent (SIT)/Page_Email - tester next6 - Outlook/Page_Email - tester next6 - Outlook/a_Visit this link to reset your password' is clicked on

2023-08-23 08:47:48 - [TEST_STEP][PASSED] - switchToWindowIndex("1"): Switched to window with index: '1'

2023-08-23 08:47:48 - [MESSAGE][PASSED] - Switched to window with index: '1'

2023-08-23 08:47:48 - [TEST_STEP][PASSED] - newpassword = RandomStringUtils.randomAlphabetic(6): null

2023-08-23 08:47:48 - [TEST_STEP][PASSED] - setText(findTestObject("Object Repository/Forgot Password/Page_The Next Six Agent (SIT)/newusername"), newpassword): Text 'wnjpPS' is set on object 'Object Repository/Forgot Password/Page_The Next Six Agent (SIT)/newusername'

2023-08-23 08:47:49 - [MESSAGE][PASSED] - Text 'wnjpPS' is set on object 'Object Repository/Forgot Password/Page_The Next Six Agent (SIT)/newusername'

2023-08-23 08:47:49 - [TEST_STEP][PASSED] - setText(findTestObject("Object Repository/Forgot Password/Page_The Next Six Agent (SIT)/confirmpassword"), newpassword): Text 'wnjpPS' is set on object 'Object Repository/Forgot Password/Page_The Next Six Agent (SIT)/confirmpassword'

2023-08-23 08:47:50 - [MESSAGE][PASSED] - Text 'wnjpPS' is set on object 'Object Repository/Forgot Password/Page_The Next Six Agent (SIT)/confirmpassword'

2023-08-23 08:47:50 - [TEST_STEP][PASSED] - click(findTestObject("Object Repository/Forgot Password/Page_The Next Six Agent (SIT)/submitbutton")): Object: 'Object Repository/Forgot Password/Page_The Next Six Agent (SIT)/submitbutton' is clicked on

2023-08-23 08:47:50 - [MESSAGE][PASSED] - Object: 'Object Repository/Forgot Password/Page_The Next Six Agent (SIT)/submitbutton' is clicked on

2023-08-23 08:47:50 - [TEST_STEP][PASSED] - verifyElementText(findTestObject("Object Repository/Forgot Password/Page_The Next Six Agent (SIT)/successfulmessage"), "Successfully change password, please login via app."): Actual text and expected text of test object 'Object Repository/Forgot Password/Page_The Next Six Agent (SIT)/successfulmessage' are matched.

2023-08-23 08:47:51 - [MESSAGE][PASSED] - Actual text and expected text of test object 'Object Repository/Forgot Password/Page_The Next Six Agent (SIT)/successfulmessage' are matched.

2023-08-23 08:47:51 - [TEST_STEP][PASSED] - switchToWindowIndex("0"): Switched to window with index: '0'

2023-08-23 08:47:51 - [MESSAGE][PASSED] - Switched to window with index: '0'

2023-08-23 08:47:51 - [TEST_STEP][PASSED] - click(findTestObject("Object Repository/Forgot Password/Page_The Next Six Agent (SIT)/deleteunbox")): Object: 'Object Repository/Forgot Password/Page_The Next Six Agent (SIT)/deleteunbox' is clicked on

2023-08-23 08:47:51 - [MESSAGE][PASSED] - Object: 'Object Repository/Forgot Password/Page_The Next Six Agent (SIT)/deleteunbox' is clicked on

2023-08-23 08:47:51 - [TEST_STEP][PASSED] - delay(2): Delayed 2 second(s)

2023-08-23 08:47:53 - [MESSAGE][PASSED] - Delayed 2 second(s)

2023-08-23 08:47:53 - [TEST_STEP][PASSED] - navigateToUrl("https://sit-agent-v2.nextsix.com/"): Navigate to 'https://sit-agent-v2.nextsix.com/' successfully

2023-08-23 08:47:53 - [MESSAGE][PASSED] - Navigate to 'https://sit-agent-v2.nextsix.com/' successfully

2023-08-23 08:47:53 - [TEST_STEP][PASSED] - setText(findTestObject("Object Repository/Login/Page_The Next Six Agent (SIT)/input_User Name  Email Address_username"), "testernext61@outlook.com"): Text 'testernext61@outlook.com' is set on object 'Object Repository/Login/Page_The Next Six Agent (SIT)/input_User Name  Email Address_username'

2023-08-23 08:47:55 - [MESSAGE][PASSED] - Text 'testernext61@outlook.com' is set on object 'Object Repository/Login/Page_The Next Six Agent (SIT)/input_User Name  Email Address_username'

2023-08-23 08:47:55 - [TEST_STEP][PASSED] - setText(findTestObject("Object Repository/Login/Page_The Next Six Agent (SIT)/input_Password_password"), newpassword): Text 'wnjpPS' is set on object 'Object Repository/Login/Page_The Next Six Agent (SIT)/input_Password_password'

2023-08-23 08:47:55 - [MESSAGE][PASSED] - Text 'wnjpPS' is set on object 'Object Repository/Login/Page_The Next Six Agent (SIT)/input_Password_password'

2023-08-23 08:47:55 - [TEST_STEP][PASSED] - click(findTestObject("Object Repository/Login/Page_The Next Six Agent (SIT)/span_Sign In")): Object: 'Object Repository/Login/Page_The Next Six Agent (SIT)/span_Sign In' is clicked on

2023-08-23 08:47:56 - [MESSAGE][PASSED] - Object: 'Object Repository/Login/Page_The Next Six Agent (SIT)/span_Sign In' is clicked on

2023-08-23 08:47:56 - [TEST_STEP][PASSED] - verifyElementText(findTestObject("Object Repository/Login/Page_The Next Six Agent (SIT)/p_ziqhrugmail.com"), "testernext61@outlook.com"): Actual text and expected text of test object 'Object Repository/Login/Page_The Next Six Agent (SIT)/p_ziqhrugmail.com' are matched.

2023-08-23 08:47:57 - [MESSAGE][PASSED] - Actual text and expected text of test object 'Object Repository/Login/Page_The Next Six Agent (SIT)/p_ziqhrugmail.com' are matched.]]></system-out>
         <system-err><![CDATA[]]></system-err>
      </testcase>
      <testcase name="Test Cases/Login Module/Register Here Link" time="6.025" classname="Test Cases/Login Module/Register Here Link" status="PASSED">
         <system-out><![CDATA[2023-08-23 08:47:57 - [TEST_CASE][PASSED] - Test Cases/Login Module/Register Here Link: Test Cases/Login Module/Register Here Link

2023-08-23 08:47:57 - [TEST_STEP][PASSED] - openBrowser(""): Browser is opened with url: ''

2023-08-23 08:47:57 - [MESSAGE][WARNING] - A browser is already opened. Closing browser and opening a new one

2023-08-23 08:47:58 - [MESSAGE][INFO] - Starting 'Chrome' driver

2023-08-23 08:47:58 - [MESSAGE][INFO] - User set preference: ['args', '[--start-maximized]']

2023-08-23 08:47:58 - [MESSAGE][INFO] - Action delay is set to 0 milliseconds

2023-08-23 08:47:59 - [MESSAGE][PASSED] - Browser is opened with url: ''

2023-08-23 08:47:59 - [TEST_STEP][PASSED] - navigateToUrl("https://sit-agent-v2.nextsix.com/"): Navigate to 'https://sit-agent-v2.nextsix.com/' successfully

2023-08-23 08:48:00 - [MESSAGE][PASSED] - Navigate to 'https://sit-agent-v2.nextsix.com/' successfully

2023-08-23 08:48:00 - [TEST_STEP][PASSED] - click(findTestObject("Object Repository/Login/Page_The Next Six Agent (SIT)/a_Register here")): Object: 'Object Repository/Login/Page_The Next Six Agent (SIT)/a_Register here' is clicked on

2023-08-23 08:48:01 - [MESSAGE][PASSED] - Object: 'Object Repository/Login/Page_The Next Six Agent (SIT)/a_Register here' is clicked on

2023-08-23 08:48:01 - [TEST_STEP][PASSED] - switchToWindowIndex(1): Switched to window with index: '1'

2023-08-23 08:48:01 - [MESSAGE][PASSED] - Switched to window with index: '1'

2023-08-23 08:48:01 - [TEST_STEP][PASSED] - switchToWindowTitle("Property Website in Malaysia for Buy, Sell or Rent | Nextsix"): Switched to window with title: 'Property Website in Malaysia for Buy, Sell or Rent | Nextsix'

2023-08-23 08:48:02 - [MESSAGE][PASSED] - Switched to window with title: 'Property Website in Malaysia for Buy, Sell or Rent | Nextsix'

2023-08-23 08:48:02 - [TEST_STEP][PASSED] - verifyElementText(findTestObject("Object Repository/Login/Page_Property Website in Malaysia for Buy, _648e38/a_Agent Login"), "Agent Login"): Actual text and expected text of test object 'Object Repository/Login/Page_Property Website in Malaysia for Buy, _648e38/a_Agent Login' are matched.

2023-08-23 08:48:03 - [MESSAGE][PASSED] - Actual text and expected text of test object 'Object Repository/Login/Page_Property Website in Malaysia for Buy, _648e38/a_Agent Login' are matched.

2023-08-23 08:48:03 - [TEST_STEP][PASSED] - verifyElementText(findTestObject("Object Repository/Login/Page_Property Website in Malaysia for Buy, _648e38/a_Lucky Draw"), "Lucky Draw"): Actual text and expected text of test object 'Object Repository/Login/Page_Property Website in Malaysia for Buy, _648e38/a_Lucky Draw' are matched.

2023-08-23 08:48:03 - [MESSAGE][PASSED] - Actual text and expected text of test object 'Object Repository/Login/Page_Property Website in Malaysia for Buy, _648e38/a_Lucky Draw' are matched.]]></system-out>
         <system-err><![CDATA[]]></system-err>
      </testcase>
      <testcase name="Test Cases/Login Module/TRR/Login" time="11.57" classname="Test Cases/Login Module/TRR/Login" status="PASSED">
         <system-out><![CDATA[2023-08-23 08:48:03 - [TEST_CASE][PASSED] - Test Cases/Login Module/TRR/Login: Test Cases/Login Module/TRR/Login

2023-08-23 08:48:03 - [TEST_STEP][PASSED] - openBrowser(""): Browser is opened with url: ''

2023-08-23 08:48:03 - [MESSAGE][WARNING] - A browser is already opened. Closing browser and opening a new one

2023-08-23 08:48:04 - [MESSAGE][INFO] - Starting 'Chrome' driver

2023-08-23 08:48:04 - [MESSAGE][INFO] - User set preference: ['args', '[--start-maximized]']

2023-08-23 08:48:04 - [MESSAGE][INFO] - Action delay is set to 0 milliseconds

2023-08-23 08:48:05 - [MESSAGE][PASSED] - Browser is opened with url: ''

2023-08-23 08:48:05 - [TEST_STEP][PASSED] - navigateToUrl("https://sit-agent-v2.nextsix.com/"): Navigate to 'https://sit-agent-v2.nextsix.com/' successfully

2023-08-23 08:48:06 - [MESSAGE][PASSED] - Navigate to 'https://sit-agent-v2.nextsix.com/' successfully

2023-08-23 08:48:06 - [TEST_STEP][PASSED] - verifyElementText(findTestObject("Object Repository/Login/Page_The Next Six Agent (SIT)/label_User Name  Email Address"), "USER NAME / EMAIL ADDRESS"): Actual text and expected text of test object 'Object Repository/Login/Page_The Next Six Agent (SIT)/label_User Name  Email Address' are matched.

2023-08-23 08:48:07 - [MESSAGE][PASSED] - Actual text and expected text of test object 'Object Repository/Login/Page_The Next Six Agent (SIT)/label_User Name  Email Address' are matched.

2023-08-23 08:48:07 - [TEST_STEP][PASSED] - verifyElementText(findTestObject("Object Repository/Login/Page_The Next Six Agent (SIT)/input_User Name  Email Address_username"), ""): Actual text and expected text of test object 'Object Repository/Login/Page_The Next Six Agent (SIT)/input_User Name  Email Address_username' are matched.

2023-08-23 08:48:07 - [MESSAGE][PASSED] - Actual text and expected text of test object 'Object Repository/Login/Page_The Next Six Agent (SIT)/input_User Name  Email Address_username' are matched.

2023-08-23 08:48:07 - [TEST_STEP][PASSED] - verifyElementText(findTestObject("Object Repository/Login/Page_The Next Six Agent (SIT)/label_Password"), "PASSWORD"): Actual text and expected text of test object 'Object Repository/Login/Page_The Next Six Agent (SIT)/label_Password' are matched.

2023-08-23 08:48:07 - [MESSAGE][PASSED] - Actual text and expected text of test object 'Object Repository/Login/Page_The Next Six Agent (SIT)/label_Password' are matched.

2023-08-23 08:48:07 - [TEST_STEP][PASSED] - verifyElementText(findTestObject("Object Repository/Login/Page_The Next Six Agent (SIT)/input_Password_password"), ""): Actual text and expected text of test object 'Object Repository/Login/Page_The Next Six Agent (SIT)/input_Password_password' are matched.

2023-08-23 08:48:08 - [MESSAGE][PASSED] - Actual text and expected text of test object 'Object Repository/Login/Page_The Next Six Agent (SIT)/input_Password_password' are matched.

2023-08-23 08:48:08 - [TEST_STEP][PASSED] - verifyElementText(findTestObject("Object Repository/Login/Page_The Next Six Agent (SIT)/button_forgot password"), "forgot password"): Actual text and expected text of test object 'Object Repository/Login/Page_The Next Six Agent (SIT)/button_forgot password' are matched.

2023-08-23 08:48:08 - [MESSAGE][PASSED] - Actual text and expected text of test object 'Object Repository/Login/Page_The Next Six Agent (SIT)/button_forgot password' are matched.

2023-08-23 08:48:08 - [TEST_STEP][PASSED] - verifyElementText(findTestObject("Object Repository/Login/Page_The Next Six Agent (SIT)/span_Sign In"), "Sign In"): Actual text and expected text of test object 'Object Repository/Login/Page_The Next Six Agent (SIT)/span_Sign In' are matched.

2023-08-23 08:48:08 - [MESSAGE][PASSED] - Actual text and expected text of test object 'Object Repository/Login/Page_The Next Six Agent (SIT)/span_Sign In' are matched.

2023-08-23 08:48:08 - [TEST_STEP][PASSED] - verifyElementText(findTestObject("Object Repository/Login/Page_The Next Six Agent (SIT)/span_Dont have an account yetRegister here"), "Don't have an account yet? Register here"): Actual text and expected text of test object 'Object Repository/Login/Page_The Next Six Agent (SIT)/span_Dont have an account yetRegister here' are matched.

2023-08-23 08:48:09 - [MESSAGE][PASSED] - Actual text and expected text of test object 'Object Repository/Login/Page_The Next Six Agent (SIT)/span_Dont have an account yetRegister here' are matched.

2023-08-23 08:48:09 - [TEST_STEP][PASSED] - setText(findTestObject("Object Repository/Login/Page_The Next Six Agent (SIT)/input_User Name  Email Address_username"), "Ziqh"): Text 'Ziqh' is set on object 'Object Repository/Login/Page_The Next Six Agent (SIT)/input_User Name  Email Address_username'

2023-08-23 08:48:09 - [MESSAGE][PASSED] - Text 'Ziqh' is set on object 'Object Repository/Login/Page_The Next Six Agent (SIT)/input_User Name  Email Address_username'

2023-08-23 08:48:09 - [TEST_STEP][PASSED] - setEncryptedText(findTestObject("Object Repository/Login/Page_The Next Six Agent (SIT)/input_Password_password"), "YC0926CP/9Y="): Text ****** has been set on object 'Object Repository/Login/Page_The Next Six Agent (SIT)/input_Password_password'

2023-08-23 08:48:10 - [MESSAGE][PASSED] - Text ****** has been set on object 'Object Repository/Login/Page_The Next Six Agent (SIT)/input_Password_password'

2023-08-23 08:48:10 - [TEST_STEP][PASSED] - click(findTestObject("Object Repository/Login/Page_The Next Six Agent (SIT)/span_Sign In")): Object: 'Object Repository/Login/Page_The Next Six Agent (SIT)/span_Sign In' is clicked on

2023-08-23 08:48:10 - [MESSAGE][PASSED] - Object: 'Object Repository/Login/Page_The Next Six Agent (SIT)/span_Sign In' is clicked on

2023-08-23 08:48:10 - [TEST_STEP][PASSED] - sendKeys(findTestObject("Object Repository/Login/Page_The Next Six Agent (SIT)/input_Password_password"), Keys.chord(CONTROL, "a")): Keys 'CONTROL + a' sent to object: 'Object Repository/Login/Page_The Next Six Agent (SIT)/input_Password_password'

2023-08-23 08:48:11 - [MESSAGE][PASSED] - Keys 'CONTROL + a' sent to object: 'Object Repository/Login/Page_The Next Six Agent (SIT)/input_Password_password'

2023-08-23 08:48:11 - [TEST_STEP][PASSED] - sendKeys(findTestObject("Object Repository/Login/Page_The Next Six Agent (SIT)/input_Password_password"), Keys.chord(DELETE)): Keys 'DELETE + ' sent to object: 'Object Repository/Login/Page_The Next Six Agent (SIT)/input_Password_password'

2023-08-23 08:48:11 - [MESSAGE][PASSED] - Keys 'DELETE + ' sent to object: 'Object Repository/Login/Page_The Next Six Agent (SIT)/input_Password_password'

2023-08-23 08:48:11 - [TEST_STEP][PASSED] - setEncryptedText(findTestObject("Object Repository/Login/Page_The Next Six Agent (SIT)/input_Password_password"), "aeHFOx8jV/A="): Text ****** has been set on object 'Object Repository/Login/Page_The Next Six Agent (SIT)/input_Password_password'

2023-08-23 08:48:12 - [MESSAGE][PASSED] - Text ****** has been set on object 'Object Repository/Login/Page_The Next Six Agent (SIT)/input_Password_password'

2023-08-23 08:48:12 - [TEST_STEP][PASSED] - click(findTestObject("Object Repository/Login/Page_The Next Six Agent (SIT)/span_Sign In")): Object: 'Object Repository/Login/Page_The Next Six Agent (SIT)/span_Sign In' is clicked on

2023-08-23 08:48:12 - [MESSAGE][PASSED] - Object: 'Object Repository/Login/Page_The Next Six Agent (SIT)/span_Sign In' is clicked on

2023-08-23 08:48:12 - [TEST_STEP][PASSED] - verifyElementText(findTestObject("Object Repository/Login/Page_The Next Six Agent (SIT)/p_Ziqh"), "Ziqh"): Actual text and expected text of test object 'Object Repository/Login/Page_The Next Six Agent (SIT)/p_Ziqh' are matched.

2023-08-23 08:48:13 - [MESSAGE][PASSED] - Actual text and expected text of test object 'Object Repository/Login/Page_The Next Six Agent (SIT)/p_Ziqh' are matched.

2023-08-23 08:48:13 - [TEST_STEP][PASSED] - verifyElementText(findTestObject("Object Repository/Login/Page_The Next Six Agent (SIT)/p_ziqhrugmail.com"), "ziqhru@gmail.com"): Actual text and expected text of test object 'Object Repository/Login/Page_The Next Six Agent (SIT)/p_ziqhrugmail.com' are matched.

2023-08-23 08:48:14 - [MESSAGE][PASSED] - Actual text and expected text of test object 'Object Repository/Login/Page_The Next Six Agent (SIT)/p_ziqhrugmail.com' are matched.

2023-08-23 08:48:14 - [TEST_STEP][PASSED] - click(findTestObject("Object Repository/Login/Page_The Next Six Agent (SIT)/Page_The Next Six Agent (SIT)/span_Logout")): Object: 'Object Repository/Login/Page_The Next Six Agent (SIT)/Page_The Next Six Agent (SIT)/span_Logout' is clicked on

2023-08-23 08:48:14 - [MESSAGE][PASSED] - Object: 'Object Repository/Login/Page_The Next Six Agent (SIT)/Page_The Next Six Agent (SIT)/span_Logout' is clicked on

2023-08-23 08:48:14 - [TEST_STEP][PASSED] - verifyElementText(findTestObject("Object Repository/Login/Page_The Next Six Agent (SIT)/Page_The Next Six Agent (SIT)/span_Sign In"), "Sign In"): Actual text and expected text of test object 'Object Repository/Login/Page_The Next Six Agent (SIT)/Page_The Next Six Agent (SIT)/span_Sign In' are matched.

2023-08-23 08:48:15 - [MESSAGE][PASSED] - Actual text and expected text of test object 'Object Repository/Login/Page_The Next Six Agent (SIT)/Page_The Next Six Agent (SIT)/span_Sign In' are matched.]]></system-out>
         <system-err><![CDATA[]]></system-err>
      </testcase>
      <testcase name="Test Cases/Login Module/TRR/Forgot password -TRR" time="5.936" classname="Test Cases/Login Module/TRR/Forgot password -TRR" status="PASSED">
         <system-out><![CDATA[2023-08-23 08:48:15 - [TEST_CASE][PASSED] - Test Cases/Login Module/TRR/Forgot password -TRR: Test Cases/Login Module/TRR/Forgot password -TRR

2023-08-23 08:48:15 - [TEST_STEP][PASSED] - openBrowser(""): Browser is opened with url: ''

2023-08-23 08:48:15 - [MESSAGE][WARNING] - A browser is already opened. Closing browser and opening a new one

2023-08-23 08:48:16 - [MESSAGE][INFO] - Starting 'Chrome' driver

2023-08-23 08:48:16 - [MESSAGE][INFO] - User set preference: ['args', '[--start-maximized]']

2023-08-23 08:48:16 - [MESSAGE][INFO] - Action delay is set to 0 milliseconds

2023-08-23 08:48:17 - [MESSAGE][PASSED] - Browser is opened with url: ''

2023-08-23 08:48:17 - [TEST_STEP][PASSED] - navigateToUrl("https://sit-agent-v2.nextsix.com/"): Navigate to 'https://sit-agent-v2.nextsix.com/' successfully

2023-08-23 08:48:18 - [MESSAGE][PASSED] - Navigate to 'https://sit-agent-v2.nextsix.com/' successfully

2023-08-23 08:48:18 - [TEST_STEP][PASSED] - click(findTestObject("Object Repository/Forgot Password/Page_The Next Six Agent (SIT)/button_forgot password")): Object: 'Object Repository/Forgot Password/Page_The Next Six Agent (SIT)/button_forgot password' is clicked on

2023-08-23 08:48:18 - [MESSAGE][PASSED] - Object: 'Object Repository/Forgot Password/Page_The Next Six Agent (SIT)/button_forgot password' is clicked on

2023-08-23 08:48:18 - [TEST_STEP][PASSED] - setText(findTestObject("Object Repository/Forgot Password/Page_The Next Six Agent (SIT)/Page_The Next Six Agent (SIT)/input_User Name_username"), "Ziqh"): Text 'Ziqh' is set on object 'Object Repository/Forgot Password/Page_The Next Six Agent (SIT)/Page_The Next Six Agent (SIT)/input_User Name_username'

2023-08-23 08:48:19 - [MESSAGE][PASSED] - Text 'Ziqh' is set on object 'Object Repository/Forgot Password/Page_The Next Six Agent (SIT)/Page_The Next Six Agent (SIT)/input_User Name_username'

2023-08-23 08:48:19 - [TEST_STEP][PASSED] - click(findTestObject("Object Repository/Forgot Password/Page_The Next Six Agent (SIT)/span_Submit")): Object: 'Object Repository/Forgot Password/Page_The Next Six Agent (SIT)/span_Submit' is clicked on

2023-08-23 08:48:19 - [MESSAGE][PASSED] - Object: 'Object Repository/Forgot Password/Page_The Next Six Agent (SIT)/span_Submit' is clicked on

2023-08-23 08:48:19 - [TEST_STEP][PASSED] - verifyElementText(findTestObject("Object Repository/Forgot Password/Page_The Next Six Agent (SIT)/div_Please contact system administrator to _a0651c"), "Please contact system administrator to reset password."): Actual text and expected text of test object 'Object Repository/Forgot Password/Page_The Next Six Agent (SIT)/div_Please contact system administrator to _a0651c' are matched.

2023-08-23 08:48:20 - [MESSAGE][PASSED] - Actual text and expected text of test object 'Object Repository/Forgot Password/Page_The Next Six Agent (SIT)/div_Please contact system administrator to _a0651c' are matched.

2023-08-23 08:48:20 - [TEST_STEP][PASSED] - clearText(findTestObject("Object Repository/Forgot Password/Page_The Next Six Agent (SIT)/input_User Name_username - Copy")): Text of object 'Object Repository/Forgot Password/Page_The Next Six Agent (SIT)/input_User Name_username - Copy' is cleared

2023-08-23 08:48:21 - [MESSAGE][PASSED] - Text of object 'Object Repository/Forgot Password/Page_The Next Six Agent (SIT)/input_User Name_username - Copy' is cleared]]></system-out>
         <system-err><![CDATA[]]></system-err>
      </testcase>
      <testcase name="Test Cases/New Property Master/Create New Property Master" time="7.394" classname="Test Cases/New Property Master/Create New Property Master" status="FAILED">
         <failure type="FAILED" message="Test Cases/New Property Master/Create New Property Master FAILED.
Reason:
com.kms.katalon.core.exception.StepFailedException: Verify element text of test object 'Object Repository/Create new property master/Page_The Next Six Agent (SIT)/span_New Property Request' FAILED.
	at com.kms.katalon.core.webui.keyword.internal.WebUIKeywordMain.stepFailed(WebUIKeywordMain.groovy:64)
	at com.kms.katalon.core.webui.keyword.internal.WebUIKeywordMain.runKeyword(WebUIKeywordMain.groovy:26)
	at com.kms.katalon.core.webui.keyword.builtin.VerifyElementTextKeyword.verifyElementText(VerifyElementTextKeyword.groovy:72)
	at com.kms.katalon.core.webui.keyword.builtin.VerifyElementTextKeyword.execute(VerifyElementTextKeyword.groovy:40)
	at com.kms.katalon.core.keyword.internal.KeywordExecutor.executeKeywordForPlatform(KeywordExecutor.groovy:74)
	at com.kms.katalon.core.webui.keyword.WebUiBuiltInKeywords.verifyElementText(WebUiBuiltInKeywords.groovy:4749)
	at com.kms.katalon.core.webui.keyword.WebUiBuiltInKeywords$verifyElementText$4.call(Unknown Source)
	at Create New Property Master.run(Create New Property Master:20)
	at com.kms.katalon.core.main.ScriptEngine.run(ScriptEngine.java:194)
	at com.kms.katalon.core.main.ScriptEngine.runScriptAsRawText(ScriptEngine.java:119)
	at com.kms.katalon.core.main.TestCaseExecutor.runScript(TestCaseExecutor.java:448)
	at com.kms.katalon.core.main.TestCaseExecutor.doExecute(TestCaseExecutor.java:439)
	at com.kms.katalon.core.main.TestCaseExecutor.processExecutionPhase(TestCaseExecutor.java:418)
	at com.kms.katalon.core.main.TestCaseExecutor.accessMainPhase(TestCaseExecutor.java:410)
	at com.kms.katalon.core.main.TestCaseExecutor.execute(TestCaseExecutor.java:285)
	at com.kms.katalon.core.common.CommonExecutor.accessTestCaseMainPhase(CommonExecutor.java:65)
	at com.kms.katalon.core.main.TestSuiteExecutor.accessTestSuiteMainPhase(TestSuiteExecutor.java:148)
	at com.kms.katalon.core.main.TestSuiteExecutor.execute(TestSuiteExecutor.java:106)
	at com.kms.katalon.core.main.TestCaseMain.startTestSuite(TestCaseMain.java:187)
	at com.kms.katalon.core.main.TestCaseMain$startTestSuite$0.call(Unknown Source)
	at TempTestSuite1692751619297.run(TempTestSuite1692751619297.groovy:36)
Caused by: com.kms.katalon.core.exception.StepFailedException: Actual text 'My Group Listing' and expected text 'New Property Request' of test object 'Object Repository/Create new property master/Page_The Next Six Agent (SIT)/span_New Property Request' are NOT matched.
	at com.kms.katalon.core.webui.keyword.internal.WebUIKeywordMain.stepFailed(WebUIKeywordMain.groovy:64)
	at com.kms.katalon.core.webui.keyword.builtin.VerifyElementTextKeyword$_verifyElementText_closure1.doCall(VerifyElementTextKeyword.groovy:57)
	at com.kms.katalon.core.webui.keyword.builtin.VerifyElementTextKeyword$_verifyElementText_closure1.call(VerifyElementTextKeyword.groovy)
	at com.kms.katalon.core.webui.keyword.internal.WebUIKeywordMain.runKeyword(WebUIKeywordMain.groovy:20)
	... 19 more
"/>
         <system-out><![CDATA[2023-08-23 08:48:21 - [TEST_CASE][FAILED] - Test Cases/New Property Master/Create New Property Master: Test Cases/New Property Master/Create New Property Master FAILED.
Reason:
com.kms.katalon.core.exception.StepFailedException: Verify element text of test object 'Object Repository/Create new property master/Page_The Next Six Agent (SIT)/span_New Property Request' FAILED.
	at com.kms.katalon.core.webui.keyword.internal.WebUIKeywordMain.stepFailed(WebUIKeywordMain.groovy:64)
	at com.kms.katalon.core.webui.keyword.internal.WebUIKeywordMain.runKeyword(WebUIKeywordMain.groovy:26)
	at com.kms.katalon.core.webui.keyword.builtin.VerifyElementTextKeyword.verifyElementText(VerifyElementTextKeyword.groovy:72)
	at com.kms.katalon.core.webui.keyword.builtin.VerifyElementTextKeyword.execute(VerifyElementTextKeyword.groovy:40)
	at com.kms.katalon.core.keyword.internal.KeywordExecutor.executeKeywordForPlatform(KeywordExecutor.groovy:74)
	at com.kms.katalon.core.webui.keyword.WebUiBuiltInKeywords.verifyElementText(WebUiBuiltInKeywords.groovy:4749)
	at com.kms.katalon.core.webui.keyword.WebUiBuiltInKeywords$verifyElementText$4.call(Unknown Source)
	at Create New Property Master.run(Create New Property Master:20)
	at com.kms.katalon.core.main.ScriptEngine.run(ScriptEngine.java:194)
	at com.kms.katalon.core.main.ScriptEngine.runScriptAsRawText(ScriptEngine.java:119)
	at com.kms.katalon.core.main.TestCaseExecutor.runScript(TestCaseExecutor.java:448)
	at com.kms.katalon.core.main.TestCaseExecutor.doExecute(TestCaseExecutor.java:439)
	at com.kms.katalon.core.main.TestCaseExecutor.processExecutionPhase(TestCaseExecutor.java:418)
	at com.kms.katalon.core.main.TestCaseExecutor.accessMainPhase(TestCaseExecutor.java:410)
	at com.kms.katalon.core.main.TestCaseExecutor.execute(TestCaseExecutor.java:285)
	at com.kms.katalon.core.common.CommonExecutor.accessTestCaseMainPhase(CommonExecutor.java:65)
	at com.kms.katalon.core.main.TestSuiteExecutor.accessTestSuiteMainPhase(TestSuiteExecutor.java:148)
	at com.kms.katalon.core.main.TestSuiteExecutor.execute(TestSuiteExecutor.java:106)
	at com.kms.katalon.core.main.TestCaseMain.startTestSuite(TestCaseMain.java:187)
	at com.kms.katalon.core.main.TestCaseMain$startTestSuite$0.call(Unknown Source)
	at TempTestSuite1692751619297.run(TempTestSuite1692751619297.groovy:36)
Caused by: com.kms.katalon.core.exception.StepFailedException: Actual text 'My Group Listing' and expected text 'New Property Request' of test object 'Object Repository/Create new property master/Page_The Next Six Agent (SIT)/span_New Property Request' are NOT matched.
	at com.kms.katalon.core.webui.keyword.internal.WebUIKeywordMain.stepFailed(WebUIKeywordMain.groovy:64)
	at com.kms.katalon.core.webui.keyword.builtin.VerifyElementTextKeyword$_verifyElementText_closure1.doCall(VerifyElementTextKeyword.groovy:57)
	at com.kms.katalon.core.webui.keyword.builtin.VerifyElementTextKeyword$_verifyElementText_closure1.call(VerifyElementTextKeyword.groovy)
	at com.kms.katalon.core.webui.keyword.internal.WebUIKeywordMain.runKeyword(WebUIKeywordMain.groovy:20)
	... 19 more


2023-08-23 08:48:21 - [TEST_STEP][PASSED] - openBrowser(""): Browser is opened with url: ''

2023-08-23 08:48:21 - [MESSAGE][WARNING] - A browser is already opened. Closing browser and opening a new one

2023-08-23 08:48:21 - [MESSAGE][INFO] - Starting 'Chrome' driver

2023-08-23 08:48:21 - [MESSAGE][INFO] - User set preference: ['args', '[--start-maximized]']

2023-08-23 08:48:21 - [MESSAGE][INFO] - Action delay is set to 0 milliseconds

2023-08-23 08:48:23 - [MESSAGE][PASSED] - Browser is opened with url: ''

2023-08-23 08:48:23 - [TEST_STEP][PASSED] - navigateToUrl("https://sit-agent-v2.nextsix.com/"): Navigate to 'https://sit-agent-v2.nextsix.com/' successfully

2023-08-23 08:48:23 - [MESSAGE][PASSED] - Navigate to 'https://sit-agent-v2.nextsix.com/' successfully

2023-08-23 08:48:23 - [TEST_STEP][PASSED] - setText(findTestObject("Object Repository/Create new property master/Page_The Next Six Agent (SIT)/input_User Name  Email Address_username"), "Ziqh"): Text 'Ziqh' is set on object 'Object Repository/Create new property master/Page_The Next Six Agent (SIT)/input_User Name  Email Address_username'

2023-08-23 08:48:25 - [MESSAGE][PASSED] - Text 'Ziqh' is set on object 'Object Repository/Create new property master/Page_The Next Six Agent (SIT)/input_User Name  Email Address_username'

2023-08-23 08:48:25 - [TEST_STEP][PASSED] - setEncryptedText(findTestObject("Object Repository/Create new property master/Page_The Next Six Agent (SIT)/input_Password_password"), "aeHFOx8jV/A="): Text ****** has been set on object 'Object Repository/Create new property master/Page_The Next Six Agent (SIT)/input_Password_password'

2023-08-23 08:48:25 - [MESSAGE][PASSED] - Text ****** has been set on object 'Object Repository/Create new property master/Page_The Next Six Agent (SIT)/input_Password_password'

2023-08-23 08:48:25 - [TEST_STEP][PASSED] - click(findTestObject("Object Repository/Create new property master/Page_The Next Six Agent (SIT)/button_Sign In")): Object: 'Object Repository/Create new property master/Page_The Next Six Agent (SIT)/button_Sign In' is clicked on

2023-08-23 08:48:25 - [MESSAGE][PASSED] - Object: 'Object Repository/Create new property master/Page_The Next Six Agent (SIT)/button_Sign In' is clicked on

2023-08-23 08:48:25 - [TEST_STEP][PASSED] - click(findTestObject("Object Repository/Create new property master/Page_The Next Six Agent (SIT)/span_New Property Request")): Object: 'Object Repository/Create new property master/Page_The Next Six Agent (SIT)/span_New Property Request' is clicked on

2023-08-23 08:48:27 - [MESSAGE][PASSED] - Object: 'Object Repository/Create new property master/Page_The Next Six Agent (SIT)/span_New Property Request' is clicked on

2023-08-23 08:48:27 - [TEST_STEP][FAILED] - verifyElementText(findTestObject("Object Repository/Create new property master/Page_The Next Six Agent (SIT)/span_New Property Request"), "New Property Request"): Verify element text of test object 'Object Repository/Create new property master/Page_The Next Six Agent (SIT)/span_New Property Request' FAILED. (Root cause: com.kms.katalon.core.exception.StepFailedException: Verify element text of test object 'Object Repository/Create new property master/Page_The Next Six Agent (SIT)/span_New Property Request' FAILED.
	at com.kms.katalon.core.webui.keyword.internal.WebUIKeywordMain.stepFailed(WebUIKeywordMain.groovy:64)
	at com.kms.katalon.core.webui.keyword.internal.WebUIKeywordMain.runKeyword(WebUIKeywordMain.groovy:26)
	at com.kms.katalon.core.webui.keyword.builtin.VerifyElementTextKeyword.verifyElementText(VerifyElementTextKeyword.groovy:72)
	at com.kms.katalon.core.webui.keyword.builtin.VerifyElementTextKeyword.execute(VerifyElementTextKeyword.groovy:40)
	at com.kms.katalon.core.keyword.internal.KeywordExecutor.executeKeywordForPlatform(KeywordExecutor.groovy:74)
	at com.kms.katalon.core.webui.keyword.WebUiBuiltInKeywords.verifyElementText(WebUiBuiltInKeywords.groovy:4749)
	at com.kms.katalon.core.webui.keyword.WebUiBuiltInKeywords$verifyElementText$4.call(Unknown Source)
	at Create New Property Master.run(Create New Property Master:20)
	at com.kms.katalon.core.main.ScriptEngine.run(ScriptEngine.java:194)
	at com.kms.katalon.core.main.ScriptEngine.runScriptAsRawText(ScriptEngine.java:119)
	at com.kms.katalon.core.main.TestCaseExecutor.runScript(TestCaseExecutor.java:448)
	at com.kms.katalon.core.main.TestCaseExecutor.doExecute(TestCaseExecutor.java:439)
	at com.kms.katalon.core.main.TestCaseExecutor.processExecutionPhase(TestCaseExecutor.java:418)
	at com.kms.katalon.core.main.TestCaseExecutor.accessMainPhase(TestCaseExecutor.java:410)
	at com.kms.katalon.core.main.TestCaseExecutor.execute(TestCaseExecutor.java:285)
	at com.kms.katalon.core.common.CommonExecutor.accessTestCaseMainPhase(CommonExecutor.java:65)
	at com.kms.katalon.core.main.TestSuiteExecutor.accessTestSuiteMainPhase(TestSuiteExecutor.java:148)
	at com.kms.katalon.core.main.TestSuiteExecutor.execute(TestSuiteExecutor.java:106)
	at com.kms.katalon.core.main.TestCaseMain.startTestSuite(TestCaseMain.java:187)
	at com.kms.katalon.core.main.TestCaseMain$startTestSuite$0.call(Unknown Source)
	at TempTestSuite1692751619297.run(TempTestSuite1692751619297.groovy:36)
Caused by: com.kms.katalon.core.exception.StepFailedException: Actual text 'My Group Listing' and expected text 'New Property Request' of test object 'Object Repository/Create new property master/Page_The Next Six Agent (SIT)/span_New Property Request' are NOT matched.
	at com.kms.katalon.core.webui.keyword.internal.WebUIKeywordMain.stepFailed(WebUIKeywordMain.groovy:64)
	at com.kms.katalon.core.webui.keyword.builtin.VerifyElementTextKeyword$_verifyElementText_closure1.doCall(VerifyElementTextKeyword.groovy:57)
	at com.kms.katalon.core.webui.keyword.builtin.VerifyElementTextKeyword$_verifyElementText_closure1.call(VerifyElementTextKeyword.groovy)
	at com.kms.katalon.core.webui.keyword.internal.WebUIKeywordMain.runKeyword(WebUIKeywordMain.groovy:20)
	... 19 more
)

2023-08-23 08:48:28 - [MESSAGE][FAILED] - Actual text 'My Group Listing' and expected text 'New Property Request' of test object 'Object Repository/Create new property master/Page_The Next Six Agent (SIT)/span_New Property Request' are NOT matched. (Root cause: com.kms.katalon.core.exception.StepFailedException: Actual text 'My Group Listing' and expected text 'New Property Request' of test object 'Object Repository/Create new property master/Page_The Next Six Agent (SIT)/span_New Property Request' are NOT matched.
	at com.kms.katalon.core.webui.keyword.internal.WebUIKeywordMain.stepFailed(WebUIKeywordMain.groovy:64)
	at com.kms.katalon.core.webui.keyword.builtin.VerifyElementTextKeyword$_verifyElementText_closure1.doCall(VerifyElementTextKeyword.groovy:57)
	at com.kms.katalon.core.webui.keyword.builtin.VerifyElementTextKeyword$_verifyElementText_closure1.call(VerifyElementTextKeyword.groovy)
	at com.kms.katalon.core.webui.keyword.internal.WebUIKeywordMain.runKeyword(WebUIKeywordMain.groovy:20)
	at com.kms.katalon.core.webui.keyword.builtin.VerifyElementTextKeyword.verifyElementText(VerifyElementTextKeyword.groovy:72)
	at com.kms.katalon.core.webui.keyword.builtin.VerifyElementTextKeyword.execute(VerifyElementTextKeyword.groovy:40)
	at com.kms.katalon.core.keyword.internal.KeywordExecutor.executeKeywordForPlatform(KeywordExecutor.groovy:74)
	at com.kms.katalon.core.webui.keyword.WebUiBuiltInKeywords.verifyElementText(WebUiBuiltInKeywords.groovy:4749)
	at com.kms.katalon.core.webui.keyword.WebUiBuiltInKeywords$verifyElementText$4.call(Unknown Source)
	at Create New Property Master.run(Create New Property Master:20)
	at com.kms.katalon.core.main.ScriptEngine.run(ScriptEngine.java:194)
	at com.kms.katalon.core.main.ScriptEngine.runScriptAsRawText(ScriptEngine.java:119)
	at com.kms.katalon.core.main.TestCaseExecutor.runScript(TestCaseExecutor.java:448)
	at com.kms.katalon.core.main.TestCaseExecutor.doExecute(TestCaseExecutor.java:439)
	at com.kms.katalon.core.main.TestCaseExecutor.processExecutionPhase(TestCaseExecutor.java:418)
	at com.kms.katalon.core.main.TestCaseExecutor.accessMainPhase(TestCaseExecutor.java:410)
	at com.kms.katalon.core.main.TestCaseExecutor.execute(TestCaseExecutor.java:285)
	at com.kms.katalon.core.common.CommonExecutor.accessTestCaseMainPhase(CommonExecutor.java:65)
	at com.kms.katalon.core.main.TestSuiteExecutor.accessTestSuiteMainPhase(TestSuiteExecutor.java:148)
	at com.kms.katalon.core.main.TestSuiteExecutor.execute(TestSuiteExecutor.java:106)
	at com.kms.katalon.core.main.TestCaseMain.startTestSuite(TestCaseMain.java:187)
	at com.kms.katalon.core.main.TestCaseMain$startTestSuite$0.call(Unknown Source)
	at TempTestSuite1692751619297.run(TempTestSuite1692751619297.groovy:36)
)
[[ATTACHMENT|C:\\Users\\user\\git\\agentportal\\Reports\\20230823_084659\\Regression Test\\20230823_084659\\1692751708037.png]]

2023-08-23 08:48:28 - [MESSAGE][FAILED] - Verify element text of test object 'Object Repository/Create new property master/Page_The Next Six Agent (SIT)/span_New Property Request' FAILED. (Root cause: com.kms.katalon.core.exception.StepFailedException: Verify element text of test object 'Object Repository/Create new property master/Page_The Next Six Agent (SIT)/span_New Property Request' FAILED.
	at com.kms.katalon.core.webui.keyword.internal.WebUIKeywordMain.stepFailed(WebUIKeywordMain.groovy:64)
	at com.kms.katalon.core.webui.keyword.internal.WebUIKeywordMain.runKeyword(WebUIKeywordMain.groovy:26)
	at com.kms.katalon.core.webui.keyword.builtin.VerifyElementTextKeyword.verifyElementText(VerifyElementTextKeyword.groovy:72)
	at com.kms.katalon.core.webui.keyword.builtin.VerifyElementTextKeyword.execute(VerifyElementTextKeyword.groovy:40)
	at com.kms.katalon.core.keyword.internal.KeywordExecutor.executeKeywordForPlatform(KeywordExecutor.groovy:74)
	at com.kms.katalon.core.webui.keyword.WebUiBuiltInKeywords.verifyElementText(WebUiBuiltInKeywords.groovy:4749)
	at com.kms.katalon.core.webui.keyword.WebUiBuiltInKeywords$verifyElementText$4.call(Unknown Source)
	at Create New Property Master.run(Create New Property Master:20)
	at com.kms.katalon.core.main.ScriptEngine.run(ScriptEngine.java:194)
	at com.kms.katalon.core.main.ScriptEngine.runScriptAsRawText(ScriptEngine.java:119)
	at com.kms.katalon.core.main.TestCaseExecutor.runScript(TestCaseExecutor.java:448)
	at com.kms.katalon.core.main.TestCaseExecutor.doExecute(TestCaseExecutor.java:439)
	at com.kms.katalon.core.main.TestCaseExecutor.processExecutionPhase(TestCaseExecutor.java:418)
	at com.kms.katalon.core.main.TestCaseExecutor.accessMainPhase(TestCaseExecutor.java:410)
	at com.kms.katalon.core.main.TestCaseExecutor.execute(TestCaseExecutor.java:285)
	at com.kms.katalon.core.common.CommonExecutor.accessTestCaseMainPhase(CommonExecutor.java:65)
	at com.kms.katalon.core.main.TestSuiteExecutor.accessTestSuiteMainPhase(TestSuiteExecutor.java:148)
	at com.kms.katalon.core.main.TestSuiteExecutor.execute(TestSuiteExecutor.java:106)
	at com.kms.katalon.core.main.TestCaseMain.startTestSuite(TestCaseMain.java:187)
	at com.kms.katalon.core.main.TestCaseMain$startTestSuite$0.call(Unknown Source)
	at TempTestSuite1692751619297.run(TempTestSuite1692751619297.groovy:36)
Caused by: com.kms.katalon.core.exception.StepFailedException: Actual text 'My Group Listing' and expected text 'New Property Request' of test object 'Object Repository/Create new property master/Page_The Next Six Agent (SIT)/span_New Property Request' are NOT matched.
	at com.kms.katalon.core.webui.keyword.internal.WebUIKeywordMain.stepFailed(WebUIKeywordMain.groovy:64)
	at com.kms.katalon.core.webui.keyword.builtin.VerifyElementTextKeyword$_verifyElementText_closure1.doCall(VerifyElementTextKeyword.groovy:57)
	at com.kms.katalon.core.webui.keyword.builtin.VerifyElementTextKeyword$_verifyElementText_closure1.call(VerifyElementTextKeyword.groovy)
	at com.kms.katalon.core.webui.keyword.internal.WebUIKeywordMain.runKeyword(WebUIKeywordMain.groovy:20)
	... 19 more
)
[[ATTACHMENT|C:\\Users\\user\\git\\agentportal\\Reports\\20230823_084659\\Regression Test\\20230823_084659\\1692751708265.png]]]]></system-out>
         <system-err><![CDATA[2023-08-23 08:48:21 - [TEST_CASE][FAILED] - Test Cases/New Property Master/Create New Property Master: Test Cases/New Property Master/Create New Property Master FAILED.
Reason:
com.kms.katalon.core.exception.StepFailedException: Verify element text of test object 'Object Repository/Create new property master/Page_The Next Six Agent (SIT)/span_New Property Request' FAILED.
	at com.kms.katalon.core.webui.keyword.internal.WebUIKeywordMain.stepFailed(WebUIKeywordMain.groovy:64)
	at com.kms.katalon.core.webui.keyword.internal.WebUIKeywordMain.runKeyword(WebUIKeywordMain.groovy:26)
	at com.kms.katalon.core.webui.keyword.builtin.VerifyElementTextKeyword.verifyElementText(VerifyElementTextKeyword.groovy:72)
	at com.kms.katalon.core.webui.keyword.builtin.VerifyElementTextKeyword.execute(VerifyElementTextKeyword.groovy:40)
	at com.kms.katalon.core.keyword.internal.KeywordExecutor.executeKeywordForPlatform(KeywordExecutor.groovy:74)
	at com.kms.katalon.core.webui.keyword.WebUiBuiltInKeywords.verifyElementText(WebUiBuiltInKeywords.groovy:4749)
	at com.kms.katalon.core.webui.keyword.WebUiBuiltInKeywords$verifyElementText$4.call(Unknown Source)
	at Create New Property Master.run(Create New Property Master:20)
	at com.kms.katalon.core.main.ScriptEngine.run(ScriptEngine.java:194)
	at com.kms.katalon.core.main.ScriptEngine.runScriptAsRawText(ScriptEngine.java:119)
	at com.kms.katalon.core.main.TestCaseExecutor.runScript(TestCaseExecutor.java:448)
	at com.kms.katalon.core.main.TestCaseExecutor.doExecute(TestCaseExecutor.java:439)
	at com.kms.katalon.core.main.TestCaseExecutor.processExecutionPhase(TestCaseExecutor.java:418)
	at com.kms.katalon.core.main.TestCaseExecutor.accessMainPhase(TestCaseExecutor.java:410)
	at com.kms.katalon.core.main.TestCaseExecutor.execute(TestCaseExecutor.java:285)
	at com.kms.katalon.core.common.CommonExecutor.accessTestCaseMainPhase(CommonExecutor.java:65)
	at com.kms.katalon.core.main.TestSuiteExecutor.accessTestSuiteMainPhase(TestSuiteExecutor.java:148)
	at com.kms.katalon.core.main.TestSuiteExecutor.execute(TestSuiteExecutor.java:106)
	at com.kms.katalon.core.main.TestCaseMain.startTestSuite(TestCaseMain.java:187)
	at com.kms.katalon.core.main.TestCaseMain$startTestSuite$0.call(Unknown Source)
	at TempTestSuite1692751619297.run(TempTestSuite1692751619297.groovy:36)
Caused by: com.kms.katalon.core.exception.StepFailedException: Actual text 'My Group Listing' and expected text 'New Property Request' of test object 'Object Repository/Create new property master/Page_The Next Six Agent (SIT)/span_New Property Request' are NOT matched.
	at com.kms.katalon.core.webui.keyword.internal.WebUIKeywordMain.stepFailed(WebUIKeywordMain.groovy:64)
	at com.kms.katalon.core.webui.keyword.builtin.VerifyElementTextKeyword$_verifyElementText_closure1.doCall(VerifyElementTextKeyword.groovy:57)
	at com.kms.katalon.core.webui.keyword.builtin.VerifyElementTextKeyword$_verifyElementText_closure1.call(VerifyElementTextKeyword.groovy)
	at com.kms.katalon.core.webui.keyword.internal.WebUIKeywordMain.runKeyword(WebUIKeywordMain.groovy:20)
	... 19 more]]></system-err>
      </testcase>
      <system-out><![CDATA[2023-08-23 08:47:13 - [TEST_SUITE][FAILED] - Regression Test: Test Cases/New Property Master/Create New Property Master FAILED.
Reason:
com.kms.katalon.core.exception.StepFailedException: Verify element text of test object 'Object Repository/Create new property master/Page_The Next Six Agent (SIT)/span_New Property Request' FAILED.
	at com.kms.katalon.core.webui.keyword.internal.WebUIKeywordMain.stepFailed(WebUIKeywordMain.groovy:64)
	at com.kms.katalon.core.webui.keyword.internal.WebUIKeywordMain.runKeyword(WebUIKeywordMain.groovy:26)
	at com.kms.katalon.core.webui.keyword.builtin.VerifyElementTextKeyword.verifyElementText(VerifyElementTextKeyword.groovy:72)
	at com.kms.katalon.core.webui.keyword.builtin.VerifyElementTextKeyword.execute(VerifyElementTextKeyword.groovy:40)
	at com.kms.katalon.core.keyword.internal.KeywordExecutor.executeKeywordForPlatform(KeywordExecutor.groovy:74)
	at com.kms.katalon.core.webui.keyword.WebUiBuiltInKeywords.verifyElementText(WebUiBuiltInKeywords.groovy:4749)
	at com.kms.katalon.core.webui.keyword.WebUiBuiltInKeywords$verifyElementText$4.call(Unknown Source)
	at Create New Property Master.run(Create New Property Master:20)
	at com.kms.katalon.core.main.ScriptEngine.run(ScriptEngine.java:194)
	at com.kms.katalon.core.main.ScriptEngine.runScriptAsRawText(ScriptEngine.java:119)
	at com.kms.katalon.core.main.TestCaseExecutor.runScript(TestCaseExecutor.java:448)
	at com.kms.katalon.core.main.TestCaseExecutor.doExecute(TestCaseExecutor.java:439)
	at com.kms.katalon.core.main.TestCaseExecutor.processExecutionPhase(TestCaseExecutor.java:418)
	at com.kms.katalon.core.main.TestCaseExecutor.accessMainPhase(TestCaseExecutor.java:410)
	at com.kms.katalon.core.main.TestCaseExecutor.execute(TestCaseExecutor.java:285)
	at com.kms.katalon.core.common.CommonExecutor.accessTestCaseMainPhase(CommonExecutor.java:65)
	at com.kms.katalon.core.main.TestSuiteExecutor.accessTestSuiteMainPhase(TestSuiteExecutor.java:148)
	at com.kms.katalon.core.main.TestSuiteExecutor.execute(TestSuiteExecutor.java:106)
	at com.kms.katalon.core.main.TestCaseMain.startTestSuite(TestCaseMain.java:187)
	at com.kms.katalon.core.main.TestCaseMain$startTestSuite$0.call(Unknown Source)
	at TempTestSuite1692751619297.run(TempTestSuite1692751619297.groovy:36)
Caused by: com.kms.katalon.core.exception.StepFailedException: Actual text 'My Group Listing' and expected text 'New Property Request' of test object 'Object Repository/Create new property master/Page_The Next Six Agent (SIT)/span_New Property Request' are NOT matched.
	at com.kms.katalon.core.webui.keyword.internal.WebUIKeywordMain.stepFailed(WebUIKeywordMain.groovy:64)
	at com.kms.katalon.core.webui.keyword.builtin.VerifyElementTextKeyword$_verifyElementText_closure1.doCall(VerifyElementTextKeyword.groovy:57)
	at com.kms.katalon.core.webui.keyword.builtin.VerifyElementTextKeyword$_verifyElementText_closure1.call(VerifyElementTextKeyword.groovy)
	at com.kms.katalon.core.webui.keyword.internal.WebUIKeywordMain.runKeyword(WebUIKeywordMain.groovy:20)
	... 19 more]]></system-out>
      <system-err><![CDATA[2023-08-23 08:47:13 - [TEST_SUITE][FAILED] - Regression Test: Test Cases/New Property Master/Create New Property Master FAILED.
Reason:
com.kms.katalon.core.exception.StepFailedException: Verify element text of test object 'Object Repository/Create new property master/Page_The Next Six Agent (SIT)/span_New Property Request' FAILED.
	at com.kms.katalon.core.webui.keyword.internal.WebUIKeywordMain.stepFailed(WebUIKeywordMain.groovy:64)
	at com.kms.katalon.core.webui.keyword.internal.WebUIKeywordMain.runKeyword(WebUIKeywordMain.groovy:26)
	at com.kms.katalon.core.webui.keyword.builtin.VerifyElementTextKeyword.verifyElementText(VerifyElementTextKeyword.groovy:72)
	at com.kms.katalon.core.webui.keyword.builtin.VerifyElementTextKeyword.execute(VerifyElementTextKeyword.groovy:40)
	at com.kms.katalon.core.keyword.internal.KeywordExecutor.executeKeywordForPlatform(KeywordExecutor.groovy:74)
	at com.kms.katalon.core.webui.keyword.WebUiBuiltInKeywords.verifyElementText(WebUiBuiltInKeywords.groovy:4749)
	at com.kms.katalon.core.webui.keyword.WebUiBuiltInKeywords$verifyElementText$4.call(Unknown Source)
	at Create New Property Master.run(Create New Property Master:20)
	at com.kms.katalon.core.main.ScriptEngine.run(ScriptEngine.java:194)
	at com.kms.katalon.core.main.ScriptEngine.runScriptAsRawText(ScriptEngine.java:119)
	at com.kms.katalon.core.main.TestCaseExecutor.runScript(TestCaseExecutor.java:448)
	at com.kms.katalon.core.main.TestCaseExecutor.doExecute(TestCaseExecutor.java:439)
	at com.kms.katalon.core.main.TestCaseExecutor.processExecutionPhase(TestCaseExecutor.java:418)
	at com.kms.katalon.core.main.TestCaseExecutor.accessMainPhase(TestCaseExecutor.java:410)
	at com.kms.katalon.core.main.TestCaseExecutor.execute(TestCaseExecutor.java:285)
	at com.kms.katalon.core.common.CommonExecutor.accessTestCaseMainPhase(CommonExecutor.java:65)
	at com.kms.katalon.core.main.TestSuiteExecutor.accessTestSuiteMainPhase(TestSuiteExecutor.java:148)
	at com.kms.katalon.core.main.TestSuiteExecutor.execute(TestSuiteExecutor.java:106)
	at com.kms.katalon.core.main.TestCaseMain.startTestSuite(TestCaseMain.java:187)
	at com.kms.katalon.core.main.TestCaseMain$startTestSuite$0.call(Unknown Source)
	at TempTestSuite1692751619297.run(TempTestSuite1692751619297.groovy:36)
Caused by: com.kms.katalon.core.exception.StepFailedException: Actual text 'My Group Listing' and expected text 'New Property Request' of test object 'Object Repository/Create new property master/Page_The Next Six Agent (SIT)/span_New Property Request' are NOT matched.
	at com.kms.katalon.core.webui.keyword.internal.WebUIKeywordMain.stepFailed(WebUIKeywordMain.groovy:64)
	at com.kms.katalon.core.webui.keyword.builtin.VerifyElementTextKeyword$_verifyElementText_closure1.doCall(VerifyElementTextKeyword.groovy:57)
	at com.kms.katalon.core.webui.keyword.builtin.VerifyElementTextKeyword$_verifyElementText_closure1.call(VerifyElementTextKeyword.groovy)
	at com.kms.katalon.core.webui.keyword.internal.WebUIKeywordMain.runKeyword(WebUIKeywordMain.groovy:20)
	... 19 more]]></system-err>
   </testsuite>
</testsuites>
